2025-06-22 09:40:22 - [0;34mStarting continuous monitoring (checking every 60 seconds)...[0m
2025-06-22 09:40:22 - [0;32mPHP web server is running correctly[0m
2025-06-22 09:41:22 - [0;32mPHP web server is running correctly[0m
2025-06-22 09:42:22 - [0;32mPHP web server is running correctly[0m
2025-06-22 09:43:22 - [0;32mPHP web server is running correctly[0m
2025-06-22 09:44:22 - [0;32mPHP web server is running correctly[0m
2025-06-22 09:45:22 - [0;32mPHP web server is running correctly[0m
2025-06-22 09:46:22 - [0;32mPHP web server is running correctly[0m
2025-06-22 09:47:22 - [0;32mPHP web server is running correctly[0m
2025-06-22 09:48:22 - [0;32mPHP web server is running correctly[0m
2025-06-22 09:49:22 - [0;32mPHP web server is running correctly[0m
2025-06-22 09:50:22 - [0;32mPHP web server is running correctly[0m
2025-06-22 09:51:22 - [0;32mPHP web server is running correctly[0m
2025-06-22 09:52:23 - [0;32mPHP web server is running correctly[0m
2025-06-22 09:53:23 - [0;32mPHP web server is running correctly[0m
2025-06-22 09:54:23 - [0;32mPHP web server is running correctly[0m
2025-06-22 09:55:23 - [0;32mPHP web server is running correctly[0m
2025-06-22 09:56:23 - [0;32mPHP web server is running correctly[0m
y[0m
2025-06-22 09:51:22 - [0;32mPHP web server is running correctly[0m
2025-06-22 09:52:15 - [0;34mStarting WhimsicalFrog PHP server...[0m
2025-06-22 09:52:15 - [0;34mStarting PHP web server on port 8000...[0m
2025-06-22 09:52:17 - [0;32mPHP web server started successfully[0m
2025-06-22 09:52:23 - [0;32mPHP web server is running correctly[0m
2025-06-22 09:53:23 - [0;32mPHP web server is running correctly[0m
2025-06-22 09:54:23 - [0;32mPHP web server is running correctly[0m
/bin/bash: /Users/jongraves/Documents/Websites/WhimsicalFrog/server_monitor.sh: Operation not permitted
2025-06-22 09:55:23 - [0;32mPHP web server is running correctly[0m
2025-06-22 09:56:23 - [0;32mPHP web server is running correctly[0m
2025-06-22 09:56:46 - [0;34mStarting WhimsicalFrog PHP server...[0m
2025-06-22 09:56:46 - [0;34mStarting PHP web server on port 8000...[0m
2025-06-22 09:56:48 - [0;32mPHP web server started successfully[0m
