Server running at http://localhost:3000
Environment variables loaded: { SPREADSHEET_ID: 'Set', GOOGLE_CLIENT_ID: 'Set' }
Error adding order: TypeError: Cannot read properties of undefined (reading 'length')
    at /Users/jongraves/Documents/Websites/WhimsicalFrog/server.js:669:20
    at process.processTicksAndRejections (node:internal/process/task_queues:105:5)
Error adding order: TypeError: Cannot read properties of undefined (reading 'length')
    at /Users/jongraves/Documents/Websites/WhimsicalFrog/server.js:669:20
    at process.processTicksAndRejections (node:internal/process/task_queues:105:5)
Error adding order: TypeError: Cannot read properties of undefined (reading 'length')
    at /Users/jongraves/Documents/Websites/WhimsicalFrog/server.js:669:20
    at process.processTicksAndRejections (node:internal/process/task_queues:105:5)
Error adding order: TypeError: Cannot read properties of undefined (reading 'length')
    at /Users/jongraves/Documents/Websites/WhimsicalFrog/server.js:669:20
    at process.processTicksAndRejections (node:internal/process/task_queues:105:5)
Error adding order: TypeError: Cannot read properties of undefined (reading 'length')
    at /Users/jongraves/Documents/Websites/WhimsicalFrog/server.js:669:20
    at process.processTicksAndRejections (node:internal/process/task_queues:105:5)
Error adding order: TypeError: Cannot read properties of undefined (reading 'length')
    at /Users/jongraves/Documents/Websites/WhimsicalFrog/server.js:669:20
    at process.processTicksAndRejections (node:internal/process/task_queues:105:5)
