2025-07-19 21:46:25 - [0;34mStarting continuous monitoring (checking every 60 seconds)...[0m
2025-07-19 21:46:25 - [0;32mPHP web server is running correctly[0m
2025-07-19 21:47:25 - [0;32mPHP web server is running correctly[0m
2025-07-19 21:48:25 - [0;32mPHP web server is running correctly[0m
2025-07-19 21:49:25 - [0;32mPHP web server is running correctly[0m
2025-07-19 21:50:25 - [0;32mPHP web server is running correctly[0m
2025-07-19 21:51:25 - [0;32mPHP web server is running correctly[0m
2025-07-19 21:52:25 - [0;32mPHP web server is running correctly[0m
2025-07-19 21:53:25 - [0;32mPHP web server is running correctly[0m
2025-07-19 21:54:25 - [0;32mPHP web server is running correctly[0m
2025-07-19 21:55:26 - [0;32mPHP web server is running correctly[0m
2025-07-19 21:56:26 - [0;32mPHP web server is running correctly[0m
2025-07-19 21:57:26 - [0;33mPHP web server is not running. Restarting...[0m
2025-07-19 21:57:26 - [0;34mStarting PHP web server on port 8000...[0m
2025-07-19 21:57:28 - [0;32mPHP web server started successfully[0m
2025-07-19 21:58:28 - [0;32mPHP web server is running correctly[0m
2025-07-19 21:59:28 - [0;32mPHP web server is running correctly[0m
2025-07-19 22:00:28 - [0;32mPHP web server is running correctly[0m
2025-07-19 22:01:28 - [0;32mPHP web server is running correctly[0m
2025-07-19 22:02:28 - [0;32mPHP web server is running correctly[0m
2025-07-19 22:03:28 - [0;32mPHP web server is running correctly[0m
2025-07-19 22:04:28 - [0;32mPHP web server is running correctly[0m
2025-07-19 22:05:28 - [0;32mPHP web server is running correctly[0m
2025-07-19 22:06:28 - [0;32mPHP web server is running correctly[0m
2025-07-19 22:07:29 - [0;32mPHP web server is running correctly[0m
2025-07-19 22:08:29 - [0;32mPHP web server is running correctly[0m
2025-07-19 22:09:29 - [0;32mPHP web server is running correctly[0m
2025-07-19 22:10:29 - [0;32mPHP web server is running correctly[0m
2025-07-19 22:11:29 - [0;32mPHP web server is running correctly[0m
2025-07-19 22:12:29 - [0;32mPHP web server is running correctly[0m
2025-07-19 22:13:29 - [0;32mPHP web server is running correctly[0m
2025-07-19 22:14:29 - [0;32mPHP web server is running correctly[0m
2025-07-19 22:15:29 - [0;32mPHP web server is running correctly[0m
2025-07-19 22:16:29 - [0;32mPHP web server is running correctly[0m
2025-07-19 22:17:29 - [0;32mPHP web server is running correctly[0m
2025-07-19 22:18:29 - [0;32mPHP web server is running correctly[0m
2025-07-19 22:19:29 - [0;32mPHP web server is running correctly[0m
2025-07-19 22:20:30 - [0;32mPHP web server is running correctly[0m
2025-07-19 22:21:30 - [0;32mPHP web server is running correctly[0m
2025-07-19 22:22:30 - [0;32mPHP web server is running correctly[0m
2025-07-19 22:23:30 - [0;32mPHP web server is running correctly[0m
2025-07-19 22:24:30 - [0;32mPHP web server is running correctly[0m
2025-07-19 22:25:30 - [0;32mPHP web server is running correctly[0m
2025-07-19 22:26:30 - [0;32mPHP web server is running correctly[0m
2025-07-19 22:27:30 - [0;32mPHP web server is running correctly[0m
2025-07-19 22:28:30 - [0;32mPHP web server is running correctly[0m
2025-07-19 22:29:30 - [0;32mPHP web server is running correctly[0m
2025-07-19 22:30:30 - [0;32mPHP web server is running correctly[0m
2025-07-19 22:31:30 - [0;32mPHP web server is running correctly[0m
2025-07-19 22:32:30 - [0;32mPHP web server is running correctly[0m
2025-07-19 22:33:30 - [0;32mPHP web server is running correctly[0m
2025-07-19 22:34:31 - [0;32mPHP web server is running correctly[0m
2025-07-19 22:35:31 - [0;32mPHP web server is running correctly[0m
2025-07-19 22:36:31 - [0;32mPHP web server is running correctly[0m
2025-07-19 22:37:31 - [0;32mPHP web server is running correctly[0m
2025-07-19 22:38:31 - [0;32mPHP web server is running correctly[0m
2025-07-19 22:39:31 - [0;32mPHP web server is running correctly[0m
2025-07-19 22:40:31 - [0;32mPHP web server is running correctly[0m
2025-07-19 22:41:31 - [0;32mPHP web server is running correctly[0m
2025-07-19 22:42:31 - [0;32mPHP web server is running correctly[0m
2025-07-19 22:43:31 - [0;32mPHP web server is running correctly[0m
2025-07-19 22:44:31 - [0;32mPHP web server is running correctly[0m
2025-07-19 22:45:31 - [0;32mPHP web server is running correctly[0m
2025-07-19 22:46:32 - [0;32mPHP web server is running correctly[0m
2025-07-19 22:47:32 - [0;32mPHP web server is running correctly[0m
2025-07-19 22:48:32 - [0;32mPHP web server is running correctly[0m
2025-07-19 22:49:32 - [0;32mPHP web server is running correctly[0m
2025-07-19 22:50:32 - [0;32mPHP web server is running correctly[0m
2025-07-19 22:51:32 - [0;32mPHP web server is running correctly[0m
2025-07-19 22:52:32 - [0;32mPHP web server is running correctly[0m
2025-07-19 22:53:32 - [0;32mPHP web server is running correctly[0m
2025-07-19 22:54:32 - [0;32mPHP web server is running correctly[0m
2025-07-19 22:55:32 - [0;32mPHP web server is running correctly[0m
2025-07-19 22:56:32 - [0;32mPHP web server is running correctly[0m
2025-07-19 22:57:32 - [0;32mPHP web server is running correctly[0m
2025-07-19 22:58:33 - [0;32mPHP web server is running correctly[0m
2025-07-19 22:59:33 - [0;32mPHP web server is running correctly[0m
2025-07-19 23:00:33 - [0;32mPHP web server is running correctly[0m
2025-07-19 23:01:33 - [0;32mPHP web server is running correctly[0m
2025-07-19 23:02:33 - [0;32mPHP web server is running correctly[0m
2025-07-19 23:03:33 - [0;32mPHP web server is running correctly[0m
2025-07-19 23:04:33 - [0;32mPHP web server is running correctly[0m
2025-07-19 23:05:33 - [0;32mPHP web server is running correctly[0m
2025-07-19 23:06:33 - [0;32mPHP web server is running correctly[0m
2025-07-19 23:07:33 - [0;32mPHP web server is running correctly[0m
2025-07-19 23:08:33 - [0;32mPHP web server is running correctly[0m
2025-07-19 23:09:33 - [0;32mPHP web server is running correctly[0m
2025-07-19 23:10:34 - [0;32mPHP web server is running correctly[0m
2025-07-19 23:11:34 - [0;32mPHP web server is running correctly[0m
2025-07-19 23:12:34 - [0;32mPHP web server is running correctly[0m
2025-07-19 23:13:34 - [0;32mPHP web server is running correctly[0m
2025-07-19 23:14:34 - [0;32mPHP web server is running correctly[0m
2025-07-19 23:15:34 - [0;32mPHP web server is running correctly[0m
2025-07-19 23:16:34 - [0;32mPHP web server is running correctly[0m
2025-07-19 23:17:34 - [0;32mPHP web server is running correctly[0m
2025-07-19 23:18:34 - [0;32mPHP web server is running correctly[0m
2025-07-19 23:19:34 - [0;32mPHP web server is running correctly[0m
2025-07-19 23:20:34 - [0;32mPHP web server is running correctly[0m
2025-07-19 23:21:34 - [0;32mPHP web server is running correctly[0m
2025-07-19 23:22:35 - [0;32mPHP web server is running correctly[0m
2025-07-19 23:23:35 - [0;32mPHP web server is running correctly[0m
2025-07-19 23:24:35 - [0;32mPHP web server is running correctly[0m
2025-07-19 23:25:35 - [0;32mPHP web server is running correctly[0m
2025-07-19 23:26:35 - [0;32mPHP web server is running correctly[0m
2025-07-19 23:27:35 - [0;32mPHP web server is running correctly[0m
2025-07-19 23:28:35 - [0;32mPHP web server is running correctly[0m
2025-07-19 23:29:35 - [0;32mPHP web server is running correctly[0m
2025-07-19 23:30:35 - [0;32mPHP web server is running correctly[0m
2025-07-19 23:31:35 - [0;32mPHP web server is running correctly[0m
2025-07-19 23:32:35 - [0;32mPHP web server is running correctly[0m
2025-07-19 23:33:35 - [0;32mPHP web server is running correctly[0m
2025-07-19 23:34:35 - [0;32mPHP web server is running correctly[0m
2025-07-19 23:35:36 - [0;32mPHP web server is running correctly[0m
2025-07-19 23:36:36 - [0;32mPHP web server is running correctly[0m
2025-07-19 23:37:36 - [0;32mPHP web server is running correctly[0m
2025-07-19 23:38:36 - [0;32mPHP web server is running correctly[0m
2025-07-19 23:39:36 - [0;32mPHP web server is running correctly[0m
2025-07-19 23:40:36 - [0;32mPHP web server is running correctly[0m
2025-07-19 23:41:36 - [0;32mPHP web server is running correctly[0m
2025-07-19 23:42:36 - [0;32mPHP web server is running correctly[0m
2025-07-19 23:43:36 - [0;32mPHP web server is running correctly[0m
2025-07-19 23:44:36 - [0;32mPHP web server is running correctly[0m
2025-07-19 23:45:36 - [0;32mPHP web server is running correctly[0m
2025-07-19 23:46:36 - [0;32mPHP web server is running correctly[0m
2025-07-19 23:47:36 - [0;32mPHP web server is running correctly[0m
2025-07-19 23:48:37 - [0;32mPHP web server is running correctly[0m
2025-07-19 23:49:37 - [0;32mPHP web server is running correctly[0m
2025-07-19 23:50:37 - [0;32mPHP web server is running correctly[0m
2025-07-19 23:51:37 - [0;32mPHP web server is running correctly[0m
2025-07-19 23:52:37 - [0;32mPHP web server is running correctly[0m
2025-07-19 23:53:37 - [0;32mPHP web server is running correctly[0m
2025-07-19 23:54:37 - [0;32mPHP web server is running correctly[0m
2025-07-19 23:55:37 - [0;32mPHP web server is running correctly[0m
2025-07-19 23:56:37 - [0;32mPHP web server is running correctly[0m
2025-07-19 23:57:37 - [0;32mPHP web server is running correctly[0m
2025-07-19 23:58:37 - [0;32mPHP web server is running correctly[0m
2025-07-19 23:59:37 - [0;32mPHP web server is running correctly[0m
2025-07-20 00:00:37 - [0;32mPHP web server is running correctly[0m
2025-07-20 00:01:38 - [0;32mPHP web server is running correctly[0m
2025-07-20 00:02:38 - [0;32mPHP web server is running correctly[0m
2025-07-20 00:03:38 - [0;32mPHP web server is running correctly[0m
2025-07-20 00:04:38 - [0;32mPHP web server is running correctly[0m
2025-07-20 00:05:38 - [0;32mPHP web server is running correctly[0m
2025-07-20 00:06:38 - [0;32mPHP web server is running correctly[0m
2025-07-20 00:07:38 - [0;32mPHP web server is running correctly[0m
2025-07-20 00:08:38 - [0;32mPHP web server is running correctly[0m
2025-07-20 00:09:38 - [0;32mPHP web server is running correctly[0m
2025-07-20 00:10:38 - [0;32mPHP web server is running correctly[0m
2025-07-20 00:11:38 - [0;32mPHP web server is running correctly[0m
2025-07-20 00:12:38 - [0;32mPHP web server is running correctly[0m
2025-07-20 00:13:39 - [0;32mPHP web server is running correctly[0m
2025-07-20 00:14:39 - [0;32mPHP web server is running correctly[0m
2025-07-20 00:15:39 - [0;32mPHP web server is running correctly[0m
2025-07-20 00:16:39 - [0;32mPHP web server is running correctly[0m
2025-07-20 00:17:39 - [0;32mPHP web server is running correctly[0m
2025-07-20 00:18:39 - [0;32mPHP web server is running correctly[0m
2025-07-20 00:19:39 - [0;32mPHP web server is running correctly[0m
2025-07-20 00:20:39 - [0;32mPHP web server is running correctly[0m
2025-07-20 00:21:39 - [0;32mPHP web server is running correctly[0m
2025-07-20 00:22:39 - [0;32mPHP web server is running correctly[0m
2025-07-20 00:23:39 - [0;32mPHP web server is running correctly[0m
2025-07-20 00:24:39 - [0;32mPHP web server is running correctly[0m
2025-07-20 00:25:40 - [0;32mPHP web server is running correctly[0m
2025-07-20 00:26:40 - [0;32mPHP web server is running correctly[0m
2025-07-20 00:27:40 - [0;32mPHP web server is running correctly[0m
2025-07-20 00:28:40 - [0;32mPHP web server is running correctly[0m
2025-07-20 00:29:40 - [0;32mPHP web server is running correctly[0m
2025-07-20 00:30:40 - [0;32mPHP web server is running correctly[0m
2025-07-20 00:31:40 - [0;32mPHP web server is running correctly[0m
2025-07-20 00:32:40 - [0;32mPHP web server is running correctly[0m
2025-07-20 00:33:40 - [0;32mPHP web server is running correctly[0m
2025-07-20 00:34:40 - [0;32mPHP web server is running correctly[0m
2025-07-20 00:35:40 - [0;32mPHP web server is running correctly[0m
2025-07-20 00:36:40 - [0;32mPHP web server is running correctly[0m
2025-07-20 00:37:41 - [0;32mPHP web server is running correctly[0m
2025-07-20 00:38:41 - [0;32mPHP web server is running correctly[0m
2025-07-20 00:39:41 - [0;32mPHP web server is running correctly[0m
2025-07-20 00:40:41 - [0;32mPHP web server is running correctly[0m
2025-07-20 00:41:41 - [0;32mPHP web server is running correctly[0m
2025-07-20 00:42:41 - [0;32mPHP web server is running correctly[0m
2025-07-20 00:43:41 - [0;32mPHP web server is running correctly[0m
2025-07-20 00:44:41 - [0;32mPHP web server is running correctly[0m
2025-07-20 00:45:41 - [0;32mPHP web server is running correctly[0m
2025-07-20 00:46:41 - [0;32mPHP web server is running correctly[0m
2025-07-20 00:47:41 - [0;32mPHP web server is running correctly[0m
2025-07-20 00:48:41 - [0;32mPHP web server is running correctly[0m
2025-07-20 00:49:42 - [0;32mPHP web server is running correctly[0m
2025-07-20 00:50:42 - [0;32mPHP web server is running correctly[0m
2025-07-20 00:51:42 - [0;32mPHP web server is running correctly[0m
2025-07-20 00:52:42 - [0;32mPHP web server is running correctly[0m
2025-07-20 00:53:42 - [0;32mPHP web server is running correctly[0m
2025-07-20 00:54:42 - [0;32mPHP web server is running correctly[0m
2025-07-20 00:55:42 - [0;32mPHP web server is running correctly[0m
2025-07-20 00:56:42 - [0;32mPHP web server is running correctly[0m
2025-07-20 00:57:42 - [0;32mPHP web server is running correctly[0m
2025-07-20 00:58:42 - [0;32mPHP web server is running correctly[0m
2025-07-20 00:59:42 - [0;32mPHP web server is running correctly[0m
2025-07-20 01:00:42 - [0;32mPHP web server is running correctly[0m
2025-07-20 01:01:42 - [0;32mPHP web server is running correctly[0m
2025-07-20 01:02:43 - [0;32mPHP web server is running correctly[0m
2025-07-20 01:03:43 - [0;32mPHP web server is running correctly[0m
2025-07-20 01:04:43 - [0;32mPHP web server is running correctly[0m
2025-07-20 01:05:43 - [0;32mPHP web server is running correctly[0m
2025-07-20 01:06:43 - [0;32mPHP web server is running correctly[0m
2025-07-20 01:07:43 - [0;32mPHP web server is running correctly[0m
2025-07-20 01:08:43 - [0;32mPHP web server is running correctly[0m
2025-07-20 01:09:43 - [0;32mPHP web server is running correctly[0m
2025-07-20 01:10:43 - [0;32mPHP web server is running correctly[0m
2025-07-20 01:11:43 - [0;32mPHP web server is running correctly[0m
2025-07-20 01:12:43 - [0;32mPHP web server is running correctly[0m
2025-07-20 01:13:43 - [0;32mPHP web server is running correctly[0m
2025-07-20 01:14:44 - [0;32mPHP web server is running correctly[0m
2025-07-20 01:15:44 - [0;32mPHP web server is running correctly[0m
2025-07-20 01:16:44 - [0;32mPHP web server is running correctly[0m
2025-07-20 01:17:44 - [0;32mPHP web server is running correctly[0m
2025-07-20 01:18:44 - [0;32mPHP web server is running correctly[0m
2025-07-20 01:19:44 - [0;32mPHP web server is running correctly[0m
2025-07-20 01:20:44 - [0;32mPHP web server is running correctly[0m
2025-07-20 01:21:44 - [0;32mPHP web server is running correctly[0m
2025-07-20 01:22:44 - [0;32mPHP web server is running correctly[0m
2025-07-20 01:23:44 - [0;32mPHP web server is running correctly[0m
2025-07-20 01:24:44 - [0;32mPHP web server is running correctly[0m
2025-07-20 01:25:44 - [0;32mPHP web server is running correctly[0m
2025-07-20 01:26:44 - [0;32mPHP web server is running correctly[0m
2025-07-20 01:27:45 - [0;32mPHP web server is running correctly[0m
2025-07-20 01:28:45 - [0;32mPHP web server is running correctly[0m
2025-07-20 01:29:45 - [0;32mPHP web server is running correctly[0m
2025-07-20 01:30:45 - [0;32mPHP web server is running correctly[0m
2025-07-20 01:31:45 - [0;32mPHP web server is running correctly[0m
2025-07-20 01:32:45 - [0;32mPHP web server is running correctly[0m
2025-07-20 01:33:45 - [0;32mPHP web server is running correctly[0m
2025-07-20 01:34:45 - [0;32mPHP web server is running correctly[0m
2025-07-20 01:35:45 - [0;32mPHP web server is running correctly[0m
2025-07-20 01:36:45 - [0;32mPHP web server is running correctly[0m
2025-07-20 01:37:45 - [0;32mPHP web server is running correctly[0m
2025-07-20 01:38:45 - [0;32mPHP web server is running correctly[0m
2025-07-20 01:39:46 - [0;32mPHP web server is running correctly[0m
2025-07-20 01:40:46 - [0;32mPHP web server is running correctly[0m
2025-07-20 01:41:46 - [0;32mPHP web server is running correctly[0m
2025-07-20 01:42:46 - [0;32mPHP web server is running correctly[0m
2025-07-20 01:43:46 - [0;32mPHP web server is running correctly[0m
2025-07-20 01:44:46 - [0;32mPHP web server is running correctly[0m
2025-07-20 01:45:46 - [0;32mPHP web server is running correctly[0m
2025-07-20 01:46:46 - [0;32mPHP web server is running correctly[0m
2025-07-20 01:47:46 - [0;32mPHP web server is running correctly[0m
2025-07-20 01:48:46 - [0;32mPHP web server is running correctly[0m
2025-07-20 01:49:46 - [0;32mPHP web server is running correctly[0m
2025-07-20 01:50:46 - [0;32mPHP web server is running correctly[0m
2025-07-20 01:51:46 - [0;32mPHP web server is running correctly[0m
2025-07-20 01:52:47 - [0;32mPHP web server is running correctly[0m
2025-07-20 01:53:47 - [0;32mPHP web server is running correctly[0m
2025-07-20 01:54:47 - [0;32mPHP web server is running correctly[0m
2025-07-20 01:55:47 - [0;32mPHP web server is running correctly[0m
2025-07-20 01:56:47 - [0;32mPHP web server is running correctly[0m
2025-07-20 01:57:47 - [0;32mPHP web server is running correctly[0m
2025-07-20 01:58:47 - [0;32mPHP web server is running correctly[0m
2025-07-20 01:59:47 - [0;32mPHP web server is running correctly[0m
2025-07-20 02:00:47 - [0;32mPHP web server is running correctly[0m
2025-07-20 02:01:47 - [0;32mPHP web server is running correctly[0m
2025-07-20 02:02:47 - [0;32mPHP web server is running correctly[0m
2025-07-20 02:03:47 - [0;32mPHP web server is running correctly[0m
2025-07-20 02:04:48 - [0;32mPHP web server is running correctly[0m
2025-07-20 02:05:48 - [0;32mPHP web server is running correctly[0m
2025-07-20 02:06:48 - [0;32mPHP web server is running correctly[0m
2025-07-20 02:07:48 - [0;32mPHP web server is running correctly[0m
2025-07-20 02:08:48 - [0;32mPHP web server is running correctly[0m
2025-07-20 02:09:48 - [0;32mPHP web server is running correctly[0m
2025-07-20 02:10:48 - [0;32mPHP web server is running correctly[0m
2025-07-20 02:11:48 - [0;32mPHP web server is running correctly[0m
2025-07-20 02:12:48 - [0;32mPHP web server is running correctly[0m
2025-07-20 02:13:48 - [0;32mPHP web server is running correctly[0m
2025-07-20 02:14:48 - [0;32mPHP web server is running correctly[0m
2025-07-20 02:15:48 - [0;32mPHP web server is running correctly[0m
2025-07-20 02:16:48 - [0;32mPHP web server is running correctly[0m
2025-07-20 02:17:49 - [0;32mPHP web server is running correctly[0m
2025-07-20 02:18:49 - [0;32mPHP web server is running correctly[0m
2025-07-20 02:19:49 - [0;32mPHP web server is running correctly[0m
2025-07-20 02:20:49 - [0;32mPHP web server is running correctly[0m
2025-07-20 02:21:49 - [0;32mPHP web server is running correctly[0m
2025-07-20 02:22:49 - [0;32mPHP web server is running correctly[0m
2025-07-20 02:23:49 - [0;32mPHP web server is running correctly[0m
2025-07-20 02:24:49 - [0;32mPHP web server is running correctly[0m
2025-07-20 02:25:49 - [0;32mPHP web server is running correctly[0m
2025-07-20 02:26:49 - [0;32mPHP web server is running correctly[0m
2025-07-20 02:27:49 - [0;32mPHP web server is running correctly[0m
2025-07-20 02:28:49 - [0;32mPHP web server is running correctly[0m
2025-07-20 02:29:50 - [0;32mPHP web server is running correctly[0m
2025-07-20 02:30:50 - [0;32mPHP web server is running correctly[0m
2025-07-20 02:31:50 - [0;32mPHP web server is running correctly[0m
2025-07-20 02:32:50 - [0;32mPHP web server is running correctly[0m
2025-07-20 02:33:50 - [0;32mPHP web server is running correctly[0m
2025-07-20 02:34:50 - [0;32mPHP web server is running correctly[0m
2025-07-20 02:35:50 - [0;32mPHP web server is running correctly[0m
2025-07-20 02:36:50 - [0;32mPHP web server is running correctly[0m
2025-07-20 02:37:50 - [0;32mPHP web server is running correctly[0m
2025-07-20 02:38:50 - [0;32mPHP web server is running correctly[0m
2025-07-20 02:39:50 - [0;32mPHP web server is running correctly[0m
2025-07-20 02:40:50 - [0;32mPHP web server is running correctly[0m
2025-07-20 02:41:51 - [0;32mPHP web server is running correctly[0m
2025-07-20 02:42:51 - [0;32mPHP web server is running correctly[0m
2025-07-20 02:43:51 - [0;32mPHP web server is running correctly[0m
2025-07-20 02:44:51 - [0;32mPHP web server is running correctly[0m
2025-07-20 02:45:51 - [0;32mPHP web server is running correctly[0m
2025-07-20 02:46:51 - [0;32mPHP web server is running correctly[0m
2025-07-20 02:47:51 - [0;32mPHP web server is running correctly[0m
2025-07-20 02:48:51 - [0;32mPHP web server is running correctly[0m
2025-07-20 02:49:51 - [0;32mPHP web server is running correctly[0m
2025-07-20 02:50:51 - [0;32mPHP web server is running correctly[0m
2025-07-20 02:51:51 - [0;32mPHP web server is running correctly[0m
2025-07-20 02:52:51 - [0;32mPHP web server is running correctly[0m
2025-07-20 02:53:52 - [0;32mPHP web server is running correctly[0m
2025-07-20 02:54:52 - [0;32mPHP web server is running correctly[0m
2025-07-20 02:55:52 - [0;32mPHP web server is running correctly[0m
2025-07-20 02:56:52 - [0;32mPHP web server is running correctly[0m
2025-07-20 02:57:52 - [0;32mPHP web server is running correctly[0m
2025-07-20 02:58:52 - [0;32mPHP web server is running correctly[0m
2025-07-20 02:59:52 - [0;32mPHP web server is running correctly[0m
2025-07-20 03:00:52 - [0;32mPHP web server is running correctly[0m
2025-07-20 03:01:52 - [0;32mPHP web server is running correctly[0m
2025-07-20 03:02:52 - [0;32mPHP web server is running correctly[0m
2025-07-20 03:03:52 - [0;32mPHP web server is running correctly[0m
2025-07-20 03:04:52 - [0;32mPHP web server is running correctly[0m
2025-07-20 03:05:53 - [0;32mPHP web server is running correctly[0m
2025-07-20 03:06:53 - [0;32mPHP web server is running correctly[0m
2025-07-20 03:07:53 - [0;32mPHP web server is running correctly[0m
2025-07-20 03:08:53 - [0;32mPHP web server is running correctly[0m
2025-07-20 03:09:53 - [0;32mPHP web server is running correctly[0m
2025-07-20 03:10:53 - [0;32mPHP web server is running correctly[0m
2025-07-20 03:11:53 - [0;32mPHP web server is running correctly[0m
2025-07-20 03:12:53 - [0;32mPHP web server is running correctly[0m
2025-07-20 03:13:53 - [0;32mPHP web server is running correctly[0m
2025-07-20 03:14:53 - [0;32mPHP web server is running correctly[0m
2025-07-20 03:15:53 - [0;32mPHP web server is running correctly[0m
2025-07-20 03:16:53 - [0;32mPHP web server is running correctly[0m
2025-07-20 03:17:53 - [0;32mPHP web server is running correctly[0m
2025-07-20 03:18:54 - [0;32mPHP web server is running correctly[0m
2025-07-20 03:19:54 - [0;32mPHP web server is running correctly[0m
2025-07-20 03:20:54 - [0;32mPHP web server is running correctly[0m
2025-07-20 03:21:54 - [0;32mPHP web server is running correctly[0m
2025-07-20 03:22:54 - [0;32mPHP web server is running correctly[0m
2025-07-20 03:23:54 - [0;32mPHP web server is running correctly[0m
2025-07-20 03:24:54 - [0;32mPHP web server is running correctly[0m
2025-07-20 03:25:54 - [0;32mPHP web server is running correctly[0m
2025-07-20 03:26:54 - [0;32mPHP web server is running correctly[0m
2025-07-20 03:27:54 - [0;32mPHP web server is running correctly[0m
2025-07-20 03:28:54 - [0;32mPHP web server is running correctly[0m
2025-07-20 03:29:54 - [0;32mPHP web server is running correctly[0m
2025-07-20 03:30:54 - [0;32mPHP web server is running correctly[0m
2025-07-20 03:31:55 - [0;32mPHP web server is running correctly[0m
2025-07-20 03:32:55 - [0;32mPHP web server is running correctly[0m
2025-07-20 03:33:55 - [0;32mPHP web server is running correctly[0m
2025-07-20 03:34:55 - [0;32mPHP web server is running correctly[0m
2025-07-20 03:35:55 - [0;32mPHP web server is running correctly[0m
2025-07-20 03:36:55 - [0;32mPHP web server is running correctly[0m
2025-07-20 03:37:55 - [0;32mPHP web server is running correctly[0m
2025-07-20 03:38:55 - [0;32mPHP web server is running correctly[0m
2025-07-20 03:39:55 - [0;32mPHP web server is running correctly[0m
2025-07-20 03:40:55 - [0;32mPHP web server is running correctly[0m
2025-07-20 03:41:55 - [0;32mPHP web server is running correctly[0m
2025-07-20 03:42:55 - [0;32mPHP web server is running correctly[0m
2025-07-20 03:43:55 - [0;32mPHP web server is running correctly[0m
2025-07-20 03:44:56 - [0;32mPHP web server is running correctly[0m
2025-07-20 03:45:56 - [0;32mPHP web server is running correctly[0m
2025-07-20 03:46:56 - [0;32mPHP web server is running correctly[0m
2025-07-20 03:47:56 - [0;32mPHP web server is running correctly[0m
2025-07-20 03:48:56 - [0;32mPHP web server is running correctly[0m
2025-07-20 03:49:56 - [0;32mPHP web server is running correctly[0m
2025-07-20 03:50:56 - [0;32mPHP web server is running correctly[0m
2025-07-20 03:51:56 - [0;32mPHP web server is running correctly[0m
2025-07-20 03:52:56 - [0;32mPHP web server is running correctly[0m
2025-07-20 03:53:56 - [0;32mPHP web server is running correctly[0m
2025-07-20 03:54:56 - [0;32mPHP web server is running correctly[0m
2025-07-20 03:55:56 - [0;32mPHP web server is running correctly[0m
2025-07-20 03:56:57 - [0;32mPHP web server is running correctly[0m
2025-07-20 03:57:57 - [0;32mPHP web server is running correctly[0m
2025-07-20 03:58:57 - [0;32mPHP web server is running correctly[0m
2025-07-20 03:59:57 - [0;32mPHP web server is running correctly[0m
2025-07-20 04:00:57 - [0;32mPHP web server is running correctly[0m
2025-07-20 04:01:57 - [0;32mPHP web server is running correctly[0m
2025-07-20 04:02:57 - [0;32mPHP web server is running correctly[0m
2025-07-20 04:03:57 - [0;32mPHP web server is running correctly[0m
2025-07-20 04:04:57 - [0;32mPHP web server is running correctly[0m
2025-07-20 04:05:57 - [0;32mPHP web server is running correctly[0m
2025-07-20 04:06:57 - [0;32mPHP web server is running correctly[0m
2025-07-20 04:07:57 - [0;32mPHP web server is running correctly[0m
2025-07-20 04:08:58 - [0;32mPHP web server is running correctly[0m
2025-07-20 04:09:58 - [0;32mPHP web server is running correctly[0m
2025-07-20 04:10:58 - [0;32mPHP web server is running correctly[0m
2025-07-20 04:11:58 - [0;32mPHP web server is running correctly[0m
2025-07-20 04:12:58 - [0;32mPHP web server is running correctly[0m
2025-07-20 04:13:58 - [0;32mPHP web server is running correctly[0m
2025-07-20 04:14:58 - [0;32mPHP web server is running correctly[0m
2025-07-20 04:15:58 - [0;32mPHP web server is running correctly[0m
2025-07-20 04:16:58 - [0;32mPHP web server is running correctly[0m
2025-07-20 04:17:58 - [0;32mPHP web server is running correctly[0m
2025-07-20 04:18:58 - [0;32mPHP web server is running correctly[0m
2025-07-20 04:19:58 - [0;32mPHP web server is running correctly[0m
2025-07-20 04:20:58 - [0;32mPHP web server is running correctly[0m
2025-07-20 04:21:59 - [0;32mPHP web server is running correctly[0m
2025-07-20 04:22:59 - [0;32mPHP web server is running correctly[0m
2025-07-20 04:23:59 - [0;32mPHP web server is running correctly[0m
2025-07-20 04:24:59 - [0;32mPHP web server is running correctly[0m
2025-07-20 04:25:59 - [0;32mPHP web server is running correctly[0m
2025-07-20 04:26:59 - [0;32mPHP web server is running correctly[0m
2025-07-20 04:27:59 - [0;32mPHP web server is running correctly[0m
2025-07-20 04:28:59 - [0;32mPHP web server is running correctly[0m
2025-07-20 04:29:59 - [0;32mPHP web server is running correctly[0m
2025-07-20 04:30:59 - [0;32mPHP web server is running correctly[0m
2025-07-20 04:31:59 - [0;32mPHP web server is running correctly[0m
2025-07-20 04:32:59 - [0;32mPHP web server is running correctly[0m
2025-07-20 04:34:00 - [0;32mPHP web server is running correctly[0m
2025-07-20 04:35:00 - [0;32mPHP web server is running correctly[0m
2025-07-20 04:36:00 - [0;32mPHP web server is running correctly[0m
2025-07-20 04:37:00 - [0;32mPHP web server is running correctly[0m
2025-07-20 04:38:00 - [0;32mPHP web server is running correctly[0m
2025-07-20 04:39:00 - [0;32mPHP web server is running correctly[0m
2025-07-20 04:40:00 - [0;32mPHP web server is running correctly[0m
2025-07-20 04:41:00 - [0;32mPHP web server is running correctly[0m
2025-07-20 04:42:00 - [0;32mPHP web server is running correctly[0m
2025-07-20 04:43:00 - [0;32mPHP web server is running correctly[0m
2025-07-20 04:44:00 - [0;32mPHP web server is running correctly[0m
2025-07-20 04:45:00 - [0;32mPHP web server is running correctly[0m
2025-07-20 04:46:00 - [0;32mPHP web server is running correctly[0m
2025-07-20 04:47:00 - [0;32mPHP web server is running correctly[0m
2025-07-20 04:48:01 - [0;32mPHP web server is running correctly[0m
2025-07-20 04:49:01 - [0;32mPHP web server is running correctly[0m
2025-07-20 04:50:01 - [0;32mPHP web server is running correctly[0m
2025-07-20 04:51:01 - [0;32mPHP web server is running correctly[0m
2025-07-20 04:52:01 - [0;32mPHP web server is running correctly[0m
2025-07-20 04:53:01 - [0;32mPHP web server is running correctly[0m
2025-07-20 04:54:01 - [0;32mPHP web server is running correctly[0m
2025-07-20 04:55:01 - [0;32mPHP web server is running correctly[0m
2025-07-20 04:56:01 - [0;32mPHP web server is running correctly[0m
2025-07-20 04:57:01 - [0;32mPHP web server is running correctly[0m
2025-07-20 04:58:01 - [0;32mPHP web server is running correctly[0m
2025-07-20 04:59:01 - [0;32mPHP web server is running correctly[0m
2025-07-20 05:00:01 - [0;32mPHP web server is running correctly[0m
2025-07-20 05:01:02 - [0;32mPHP web server is running correctly[0m
2025-07-20 05:02:02 - [0;32mPHP web server is running correctly[0m
2025-07-20 05:03:02 - [0;32mPHP web server is running correctly[0m
2025-07-20 05:04:02 - [0;32mPHP web server is running correctly[0m
2025-07-20 05:05:02 - [0;32mPHP web server is running correctly[0m
2025-07-20 05:06:02 - [0;32mPHP web server is running correctly[0m
2025-07-20 05:07:02 - [0;32mPHP web server is running correctly[0m
2025-07-20 05:08:02 - [0;32mPHP web server is running correctly[0m
2025-07-20 05:09:02 - [0;32mPHP web server is running correctly[0m
2025-07-20 05:10:02 - [0;32mPHP web server is running correctly[0m
2025-07-20 05:11:02 - [0;32mPHP web server is running correctly[0m
2025-07-20 05:12:02 - [0;32mPHP web server is running correctly[0m
2025-07-20 05:13:03 - [0;32mPHP web server is running correctly[0m
2025-07-20 05:14:03 - [0;32mPHP web server is running correctly[0m
2025-07-20 05:15:03 - [0;32mPHP web server is running correctly[0m
2025-07-20 05:16:03 - [0;32mPHP web server is running correctly[0m
2025-07-20 05:17:03 - [0;32mPHP web server is running correctly[0m
2025-07-20 05:18:03 - [0;32mPHP web server is running correctly[0m
2025-07-20 05:19:03 - [0;32mPHP web server is running correctly[0m
2025-07-20 05:20:03 - [0;32mPHP web server is running correctly[0m
2025-07-20 05:21:03 - [0;32mPHP web server is running correctly[0m
2025-07-20 05:22:03 - [0;32mPHP web server is running correctly[0m
2025-07-20 05:23:03 - [0;32mPHP web server is running correctly[0m
2025-07-20 05:24:03 - [0;32mPHP web server is running correctly[0m
2025-07-20 05:25:03 - [0;32mPHP web server is running correctly[0m
2025-07-20 05:26:04 - [0;32mPHP web server is running correctly[0m
2025-07-20 05:27:04 - [0;32mPHP web server is running correctly[0m
2025-07-20 05:28:04 - [0;32mPHP web server is running correctly[0m
2025-07-20 05:29:04 - [0;32mPHP web server is running correctly[0m
2025-07-20 05:30:04 - [0;32mPHP web server is running correctly[0m
2025-07-20 05:31:04 - [0;32mPHP web server is running correctly[0m
2025-07-20 05:32:04 - [0;32mPHP web server is running correctly[0m
2025-07-20 05:33:04 - [0;32mPHP web server is running correctly[0m
2025-07-20 05:34:04 - [0;32mPHP web server is running correctly[0m
2025-07-20 05:35:04 - [0;32mPHP web server is running correctly[0m
2025-07-20 05:36:04 - [0;32mPHP web server is running correctly[0m
2025-07-20 05:37:05 - [0;32mPHP web server is running correctly[0m
2025-07-20 05:38:05 - [0;32mPHP web server is running correctly[0m
2025-07-20 05:39:05 - [0;32mPHP web server is running correctly[0m
2025-07-20 05:40:05 - [0;32mPHP web server is running correctly[0m
2025-07-20 05:41:05 - [0;32mPHP web server is running correctly[0m
2025-07-20 05:42:05 - [0;32mPHP web server is running correctly[0m
2025-07-20 05:43:05 - [0;32mPHP web server is running correctly[0m
2025-07-20 05:44:05 - [0;32mPHP web server is running correctly[0m
2025-07-20 05:45:05 - [0;32mPHP web server is running correctly[0m
2025-07-20 05:46:05 - [0;32mPHP web server is running correctly[0m
2025-07-20 05:47:05 - [0;32mPHP web server is running correctly[0m
2025-07-20 05:48:05 - [0;32mPHP web server is running correctly[0m
2025-07-20 05:49:06 - [0;32mPHP web server is running correctly[0m
2025-07-20 05:50:06 - [0;32mPHP web server is running correctly[0m
2025-07-20 05:51:06 - [0;32mPHP web server is running correctly[0m
2025-07-20 05:52:06 - [0;32mPHP web server is running correctly[0m
2025-07-20 05:53:06 - [0;32mPHP web server is running correctly[0m
2025-07-20 05:54:06 - [0;32mPHP web server is running correctly[0m
2025-07-20 05:55:06 - [0;32mPHP web server is running correctly[0m
2025-07-20 05:56:06 - [0;32mPHP web server is running correctly[0m
2025-07-20 05:57:06 - [0;32mPHP web server is running correctly[0m
2025-07-20 05:58:06 - [0;32mPHP web server is running correctly[0m
2025-07-20 05:59:06 - [0;32mPHP web server is running correctly[0m
2025-07-20 06:00:06 - [0;32mPHP web server is running correctly[0m
2025-07-20 06:01:06 - [0;32mPHP web server is running correctly[0m
2025-07-20 06:02:07 - [0;32mPHP web server is running correctly[0m
2025-07-20 06:03:07 - [0;32mPHP web server is running correctly[0m
2025-07-20 06:04:07 - [0;32mPHP web server is running correctly[0m
2025-07-20 06:05:07 - [0;32mPHP web server is running correctly[0m
2025-07-20 06:06:07 - [0;32mPHP web server is running correctly[0m
2025-07-20 06:07:07 - [0;32mPHP web server is running correctly[0m
2025-07-20 06:08:07 - [0;32mPHP web server is running correctly[0m
2025-07-20 06:09:07 - [0;32mPHP web server is running correctly[0m
2025-07-20 06:10:07 - [0;32mPHP web server is running correctly[0m
2025-07-20 06:11:07 - [0;32mPHP web server is running correctly[0m
2025-07-20 06:12:07 - [0;32mPHP web server is running correctly[0m
2025-07-20 06:13:07 - [0;32mPHP web server is running correctly[0m
2025-07-20 06:14:07 - [0;32mPHP web server is running correctly[0m
2025-07-20 06:15:08 - [0;32mPHP web server is running correctly[0m
2025-07-20 06:16:08 - [0;32mPHP web server is running correctly[0m
2025-07-20 06:17:08 - [0;32mPHP web server is running correctly[0m
2025-07-20 06:18:08 - [0;32mPHP web server is running correctly[0m
2025-07-20 06:19:08 - [0;32mPHP web server is running correctly[0m
2025-07-20 06:20:08 - [0;32mPHP web server is running correctly[0m
2025-07-20 06:21:08 - [0;32mPHP web server is running correctly[0m
2025-07-20 06:22:08 - [0;32mPHP web server is running correctly[0m
2025-07-20 06:23:08 - [0;32mPHP web server is running correctly[0m
2025-07-20 06:24:08 - [0;32mPHP web server is running correctly[0m
2025-07-20 06:25:08 - [0;32mPHP web server is running correctly[0m
2025-07-20 06:26:08 - [0;32mPHP web server is running correctly[0m
2025-07-20 06:27:08 - [0;32mPHP web server is running correctly[0m
2025-07-20 06:28:08 - [0;32mPHP web server is running correctly[0m
2025-07-20 06:29:09 - [0;32mPHP web server is running correctly[0m
2025-07-20 06:30:09 - [0;32mPHP web server is running correctly[0m
2025-07-20 06:31:09 - [0;32mPHP web server is running correctly[0m
2025-07-20 06:32:09 - [0;32mPHP web server is running correctly[0m
2025-07-20 06:33:09 - [0;32mPHP web server is running correctly[0m
2025-07-20 06:34:09 - [0;32mPHP web server is running correctly[0m
2025-07-20 06:35:09 - [0;32mPHP web server is running correctly[0m
2025-07-20 06:36:09 - [0;32mPHP web server is running correctly[0m
2025-07-20 06:37:09 - [0;32mPHP web server is running correctly[0m
2025-07-20 06:38:09 - [0;32mPHP web server is running correctly[0m
2025-07-20 06:39:09 - [0;32mPHP web server is running correctly[0m
2025-07-20 06:40:09 - [0;32mPHP web server is running correctly[0m
2025-07-20 06:41:09 - [0;32mPHP web server is running correctly[0m
2025-07-20 06:42:10 - [0;32mPHP web server is running correctly[0m
2025-07-20 06:43:10 - [0;32mPHP web server is running correctly[0m
2025-07-20 06:44:10 - [0;32mPHP web server is running correctly[0m
2025-07-20 06:45:10 - [0;32mPHP web server is running correctly[0m
2025-07-20 06:46:10 - [0;32mPHP web server is running correctly[0m
2025-07-20 06:47:10 - [0;32mPHP web server is running correctly[0m
2025-07-20 06:48:10 - [0;32mPHP web server is running correctly[0m
2025-07-20 06:49:10 - [0;32mPHP web server is running correctly[0m
2025-07-20 06:50:10 - [0;32mPHP web server is running correctly[0m
2025-07-20 06:51:10 - [0;32mPHP web server is running correctly[0m
2025-07-20 06:52:10 - [0;32mPHP web server is running correctly[0m
2025-07-20 06:53:10 - [0;32mPHP web server is running correctly[0m
2025-07-20 06:54:10 - [0;32mPHP web server is running correctly[0m
2025-07-20 06:55:10 - [0;32mPHP web server is running correctly[0m
2025-07-20 06:56:11 - [0;32mPHP web server is running correctly[0m
2025-07-20 06:57:11 - [0;32mPHP web server is running correctly[0m
2025-07-20 06:58:11 - [0;32mPHP web server is running correctly[0m
2025-07-20 06:59:11 - [0;32mPHP web server is running correctly[0m
2025-07-20 07:00:11 - [0;32mPHP web server is running correctly[0m
2025-07-20 07:01:11 - [0;32mPHP web server is running correctly[0m
2025-07-20 07:02:11 - [0;32mPHP web server is running correctly[0m
2025-07-20 07:03:11 - [0;32mPHP web server is running correctly[0m
2025-07-20 07:04:11 - [0;32mPHP web server is running correctly[0m
2025-07-20 07:05:11 - [0;32mPHP web server is running correctly[0m
2025-07-20 07:06:11 - [0;32mPHP web server is running correctly[0m
2025-07-20 07:07:11 - [0;32mPHP web server is running correctly[0m
2025-07-20 07:08:11 - [0;32mPHP web server is running correctly[0m
2025-07-20 07:09:12 - [0;32mPHP web server is running correctly[0m
2025-07-20 07:10:12 - [0;32mPHP web server is running correctly[0m
2025-07-20 07:11:12 - [0;32mPHP web server is running correctly[0m
2025-07-20 07:12:12 - [0;32mPHP web server is running correctly[0m
2025-07-20 07:13:12 - [0;32mPHP web server is running correctly[0m
2025-07-20 07:14:12 - [0;32mPHP web server is running correctly[0m
2025-07-20 07:15:12 - [0;32mPHP web server is running correctly[0m
2025-07-20 07:16:12 - [0;32mPHP web server is running correctly[0m
2025-07-20 07:17:12 - [0;32mPHP web server is running correctly[0m
2025-07-20 07:18:12 - [0;32mPHP web server is running correctly[0m
2025-07-20 07:19:12 - [0;32mPHP web server is running correctly[0m
2025-07-20 07:20:12 - [0;32mPHP web server is running correctly[0m
2025-07-20 07:21:12 - [0;32mPHP web server is running correctly[0m
2025-07-20 07:22:12 - [0;32mPHP web server is running correctly[0m
2025-07-20 07:23:13 - [0;32mPHP web server is running correctly[0m
2025-07-20 07:24:13 - [0;32mPHP web server is running correctly[0m
2025-07-20 07:25:13 - [0;32mPHP web server is running correctly[0m
2025-07-20 07:26:13 - [0;32mPHP web server is running correctly[0m
2025-07-20 07:27:13 - [0;32mPHP web server is running correctly[0m
2025-07-20 07:28:13 - [0;32mPHP web server is running correctly[0m
2025-07-20 07:29:13 - [0;32mPHP web server is running correctly[0m
2025-07-20 07:30:13 - [0;32mPHP web server is running correctly[0m
2025-07-20 07:31:13 - [0;32mPHP web server is running correctly[0m
2025-07-20 07:32:13 - [0;32mPHP web server is running correctly[0m
2025-07-20 07:33:13 - [0;32mPHP web server is running correctly[0m
2025-07-20 07:34:13 - [0;32mPHP web server is running correctly[0m
2025-07-20 07:35:13 - [0;32mPHP web server is running correctly[0m
2025-07-20 07:36:13 - [0;32mPHP web server is running correctly[0m
2025-07-20 07:37:14 - [0;32mPHP web server is running correctly[0m
2025-07-20 07:38:14 - [0;32mPHP web server is running correctly[0m
2025-07-20 07:39:14 - [0;32mPHP web server is running correctly[0m
2025-07-20 07:40:14 - [0;32mPHP web server is running correctly[0m
2025-07-20 07:41:14 - [0;32mPHP web server is running correctly[0m
2025-07-20 07:42:14 - [0;32mPHP web server is running correctly[0m
2025-07-20 07:43:14 - [0;32mPHP web server is running correctly[0m
2025-07-20 07:44:14 - [0;32mPHP web server is running correctly[0m
2025-07-20 07:45:14 - [0;32mPHP web server is running correctly[0m
2025-07-20 07:46:14 - [0;32mPHP web server is running correctly[0m
2025-07-20 07:47:14 - [0;32mPHP web server is running correctly[0m
2025-07-20 07:48:14 - [0;32mPHP web server is running correctly[0m
2025-07-20 07:49:15 - [0;32mPHP web server is running correctly[0m
2025-07-20 07:50:15 - [0;32mPHP web server is running correctly[0m
2025-07-20 07:51:15 - [0;32mPHP web server is running correctly[0m
2025-07-20 07:52:15 - [0;32mPHP web server is running correctly[0m
2025-07-20 07:53:15 - [0;32mPHP web server is running correctly[0m
2025-07-20 07:54:15 - [0;32mPHP web server is running correctly[0m
2025-07-20 07:55:15 - [0;32mPHP web server is running correctly[0m
2025-07-20 07:56:15 - [0;32mPHP web server is running correctly[0m
2025-07-20 07:57:15 - [0;32mPHP web server is running correctly[0m
2025-07-20 07:58:15 - [0;32mPHP web server is running correctly[0m
2025-07-20 07:59:15 - [0;32mPHP web server is running correctly[0m
2025-07-20 08:00:15 - [0;32mPHP web server is running correctly[0m
2025-07-20 08:01:16 - [0;32mPHP web server is running correctly[0m
2025-07-20 08:02:16 - [0;32mPHP web server is running correctly[0m
2025-07-20 08:03:16 - [0;32mPHP web server is running correctly[0m
2025-07-20 08:04:16 - [0;32mPHP web server is running correctly[0m
2025-07-20 08:05:16 - [0;32mPHP web server is running correctly[0m
2025-07-20 08:06:16 - [0;32mPHP web server is running correctly[0m
2025-07-20 08:07:16 - [0;32mPHP web server is running correctly[0m
2025-07-20 08:08:16 - [0;32mPHP web server is running correctly[0m
2025-07-20 08:09:16 - [0;32mPHP web server is running correctly[0m
2025-07-20 08:10:16 - [0;32mPHP web server is running correctly[0m
2025-07-20 08:11:16 - [0;32mPHP web server is running correctly[0m
2025-07-20 08:12:16 - [0;32mPHP web server is running correctly[0m
2025-07-20 08:13:16 - [0;32mPHP web server is running correctly[0m
2025-07-20 08:14:17 - [0;32mPHP web server is running correctly[0m
2025-07-20 08:15:17 - [0;32mPHP web server is running correctly[0m
2025-07-20 08:16:17 - [0;32mPHP web server is running correctly[0m
2025-07-20 08:17:17 - [0;32mPHP web server is running correctly[0m
2025-07-20 08:18:17 - [0;32mPHP web server is running correctly[0m
2025-07-20 08:19:17 - [0;32mPHP web server is running correctly[0m
2025-07-20 08:20:17 - [0;32mPHP web server is running correctly[0m
2025-07-20 08:21:17 - [0;32mPHP web server is running correctly[0m
2025-07-20 08:22:17 - [0;32mPHP web server is running correctly[0m
2025-07-20 08:23:17 - [0;32mPHP web server is running correctly[0m
2025-07-20 08:24:17 - [0;32mPHP web server is running correctly[0m
2025-07-20 08:25:17 - [0;32mPHP web server is running correctly[0m
2025-07-20 08:26:18 - [0;32mPHP web server is running correctly[0m
2025-07-20 08:27:18 - [0;32mPHP web server is running correctly[0m
2025-07-20 08:28:18 - [0;32mPHP web server is running correctly[0m
2025-07-20 08:29:18 - [0;32mPHP web server is running correctly[0m
2025-07-20 08:30:18 - [0;32mPHP web server is running correctly[0m
2025-07-20 08:31:18 - [0;32mPHP web server is running correctly[0m
2025-07-20 08:32:18 - [0;32mPHP web server is running correctly[0m
2025-07-20 08:33:18 - [0;32mPHP web server is running correctly[0m
2025-07-20 08:34:18 - [0;32mPHP web server is running correctly[0m
2025-07-20 08:35:18 - [0;32mPHP web server is running correctly[0m
2025-07-20 08:36:18 - [0;32mPHP web server is running correctly[0m
2025-07-20 08:37:18 - [0;32mPHP web server is running correctly[0m
2025-07-20 08:38:19 - [0;32mPHP web server is running correctly[0m
2025-07-20 08:39:19 - [0;32mPHP web server is running correctly[0m
2025-07-20 08:40:19 - [0;32mPHP web server is running correctly[0m
2025-07-20 08:41:19 - [0;32mPHP web server is running correctly[0m
2025-07-20 08:42:19 - [0;32mPHP web server is running correctly[0m
2025-07-20 08:43:19 - [0;32mPHP web server is running correctly[0m
2025-07-20 08:44:19 - [0;32mPHP web server is running correctly[0m
2025-07-20 08:45:19 - [0;32mPHP web server is running correctly[0m
2025-07-20 08:46:19 - [0;32mPHP web server is running correctly[0m
2025-07-20 08:47:19 - [0;32mPHP web server is running correctly[0m
2025-07-20 08:48:19 - [0;32mPHP web server is running correctly[0m
2025-07-20 08:49:19 - [0;32mPHP web server is running correctly[0m
2025-07-20 08:50:20 - [0;32mPHP web server is running correctly[0m
2025-07-20 08:51:20 - [0;32mPHP web server is running correctly[0m
2025-07-20 08:52:20 - [0;32mPHP web server is running correctly[0m
2025-07-20 08:53:20 - [0;32mPHP web server is running correctly[0m
2025-07-20 08:54:20 - [0;32mPHP web server is running correctly[0m
2025-07-20 08:55:20 - [0;32mPHP web server is running correctly[0m
2025-07-20 08:56:20 - [0;32mPHP web server is running correctly[0m
2025-07-20 08:57:20 - [0;32mPHP web server is running correctly[0m
2025-07-20 08:58:20 - [0;32mPHP web server is running correctly[0m
2025-07-20 08:59:20 - [0;32mPHP web server is running correctly[0m
2025-07-20 09:00:20 - [0;32mPHP web server is running correctly[0m
2025-07-20 09:01:20 - [0;32mPHP web server is running correctly[0m
2025-07-20 09:02:21 - [0;32mPHP web server is running correctly[0m
2025-07-20 09:03:21 - [0;32mPHP web server is running correctly[0m
2025-07-20 09:04:21 - [0;32mPHP web server is running correctly[0m
2025-07-20 09:05:21 - [0;32mPHP web server is running correctly[0m
2025-07-20 09:06:21 - [0;32mPHP web server is running correctly[0m
2025-07-20 09:07:21 - [0;32mPHP web server is running correctly[0m
2025-07-20 09:08:21 - [0;32mPHP web server is running correctly[0m
2025-07-20 09:09:21 - [0;32mPHP web server is running correctly[0m
2025-07-20 09:10:21 - [0;32mPHP web server is running correctly[0m
2025-07-20 09:11:21 - [0;32mPHP web server is running correctly[0m
2025-07-20 09:12:21 - [0;32mPHP web server is running correctly[0m
2025-07-20 09:13:21 - [0;32mPHP web server is running correctly[0m
2025-07-20 09:14:21 - [0;32mPHP web server is running correctly[0m
2025-07-20 09:15:21 - [0;32mPHP web server is running correctly[0m
2025-07-20 09:16:22 - [0;32mPHP web server is running correctly[0m
2025-07-20 09:17:22 - [0;32mPHP web server is running correctly[0m
2025-07-20 09:18:22 - [0;32mPHP web server is running correctly[0m
2025-07-20 09:19:22 - [0;32mPHP web server is running correctly[0m
2025-07-20 09:20:22 - [0;32mPHP web server is running correctly[0m
2025-07-20 09:21:22 - [0;32mPHP web server is running correctly[0m
2025-07-20 09:22:22 - [0;32mPHP web server is running correctly[0m
2025-07-20 09:23:22 - [0;32mPHP web server is running correctly[0m
2025-07-20 09:24:22 - [0;32mPHP web server is running correctly[0m
2025-07-20 09:25:22 - [0;32mPHP web server is running correctly[0m
2025-07-20 09:26:22 - [0;32mPHP web server is running correctly[0m
2025-07-20 09:27:22 - [0;32mPHP web server is running correctly[0m
2025-07-20 09:28:22 - [0;32mPHP web server is running correctly[0m
2025-07-20 09:29:23 - [0;32mPHP web server is running correctly[0m
2025-07-20 09:30:23 - [0;32mPHP web server is running correctly[0m
2025-07-20 09:31:23 - [0;32mPHP web server is running correctly[0m
2025-07-20 09:32:23 - [0;32mPHP web server is running correctly[0m
2025-07-20 09:33:23 - [0;32mPHP web server is running correctly[0m
2025-07-20 09:34:23 - [0;32mPHP web server is running correctly[0m
2025-07-20 09:35:23 - [0;32mPHP web server is running correctly[0m
2025-07-20 09:36:23 - [0;32mPHP web server is running correctly[0m
2025-07-20 09:37:23 - [0;32mPHP web server is running correctly[0m
2025-07-20 09:38:23 - [0;32mPHP web server is running correctly[0m
2025-07-20 09:39:23 - [0;32mPHP web server is running correctly[0m
2025-07-20 09:40:24 - [0;32mPHP web server is running correctly[0m
2025-07-20 09:41:24 - [0;32mPHP web server is running correctly[0m
2025-07-20 09:42:24 - [0;32mPHP web server is running correctly[0m
2025-07-20 09:43:24 - [0;32mPHP web server is running correctly[0m
2025-07-20 09:44:24 - [0;32mPHP web server is running correctly[0m
2025-07-20 09:45:24 - [0;32mPHP web server is running correctly[0m
2025-07-20 09:46:24 - [0;32mPHP web server is running correctly[0m
2025-07-20 09:47:24 - [0;32mPHP web server is running correctly[0m
2025-07-20 09:48:24 - [0;32mPHP web server is running correctly[0m
2025-07-20 09:49:24 - [0;32mPHP web server is running correctly[0m
2025-07-20 09:50:24 - [0;32mPHP web server is running correctly[0m
2025-07-20 09:51:25 - [0;32mPHP web server is running correctly[0m
2025-07-20 09:52:25 - [0;32mPHP web server is running correctly[0m
2025-07-20 09:53:25 - [0;32mPHP web server is running correctly[0m
2025-07-20 09:54:25 - [0;32mPHP web server is running correctly[0m
2025-07-20 09:55:25 - [0;32mPHP web server is running correctly[0m
2025-07-20 09:56:25 - [0;32mPHP web server is running correctly[0m
2025-07-20 09:57:25 - [0;32mPHP web server is running correctly[0m
2025-07-20 09:58:25 - [0;32mPHP web server is running correctly[0m
2025-07-20 09:59:25 - [0;32mPHP web server is running correctly[0m
2025-07-20 10:00:25 - [0;32mPHP web server is running correctly[0m
2025-07-20 10:01:25 - [0;32mPHP web server is running correctly[0m
2025-07-20 10:02:25 - [0;32mPHP web server is running correctly[0m
2025-07-20 10:03:26 - [0;32mPHP web server is running correctly[0m
2025-07-20 10:04:26 - [0;32mPHP web server is running correctly[0m
2025-07-20 10:05:26 - [0;32mPHP web server is running correctly[0m
2025-07-20 10:06:26 - [0;32mPHP web server is running correctly[0m
2025-07-20 10:07:26 - [0;32mPHP web server is running correctly[0m
2025-07-20 10:08:26 - [0;32mPHP web server is running correctly[0m
2025-07-20 10:09:26 - [0;32mPHP web server is running correctly[0m
2025-07-20 10:10:26 - [0;32mPHP web server is running correctly[0m
2025-07-20 10:11:26 - [0;32mPHP web server is running correctly[0m
2025-07-20 10:12:26 - [0;32mPHP web server is running correctly[0m
2025-07-20 10:13:26 - [0;32mPHP web server is running correctly[0m
2025-07-20 10:14:26 - [0;32mPHP web server is running correctly[0m
2025-07-20 10:15:27 - [0;32mPHP web server is running correctly[0m
2025-07-20 10:16:27 - [0;32mPHP web server is running correctly[0m
2025-07-20 10:17:27 - [0;32mPHP web server is running correctly[0m
2025-07-20 10:18:27 - [0;32mPHP web server is running correctly[0m
2025-07-20 10:19:27 - [0;32mPHP web server is running correctly[0m
2025-07-20 10:20:27 - [0;32mPHP web server is running correctly[0m
2025-07-20 10:21:27 - [0;32mPHP web server is running correctly[0m
2025-07-20 10:22:27 - [0;32mPHP web server is running correctly[0m
2025-07-20 10:23:27 - [0;32mPHP web server is running correctly[0m
2025-07-20 10:24:27 - [0;32mPHP web server is running correctly[0m
2025-07-20 10:25:27 - [0;32mPHP web server is running correctly[0m
2025-07-20 10:26:27 - [0;32mPHP web server is running correctly[0m
2025-07-20 10:27:28 - [0;32mPHP web server is running correctly[0m
2025-07-20 10:28:28 - [0;32mPHP web server is running correctly[0m
2025-07-20 10:29:28 - [0;32mPHP web server is running correctly[0m
2025-07-20 10:30:28 - [0;32mPHP web server is running correctly[0m
2025-07-20 10:31:28 - [0;32mPHP web server is running correctly[0m
2025-07-20 10:32:28 - [0;32mPHP web server is running correctly[0m
2025-07-20 10:33:28 - [0;32mPHP web server is running correctly[0m
2025-07-20 10:34:28 - [0;32mPHP web server is running correctly[0m
2025-07-20 10:35:28 - [0;32mPHP web server is running correctly[0m
2025-07-20 10:36:28 - [0;32mPHP web server is running correctly[0m
2025-07-20 10:37:28 - [0;32mPHP web server is running correctly[0m
2025-07-20 10:38:28 - [0;32mPHP web server is running correctly[0m
2025-07-20 10:39:28 - [0;32mPHP web server is running correctly[0m
2025-07-20 10:40:29 - [0;32mPHP web server is running correctly[0m
2025-07-20 10:41:29 - [0;32mPHP web server is running correctly[0m
2025-07-20 10:42:29 - [0;32mPHP web server is running correctly[0m
2025-07-20 10:43:29 - [0;32mPHP web server is running correctly[0m
2025-07-20 10:44:29 - [0;32mPHP web server is running correctly[0m
2025-07-20 10:45:29 - [0;32mPHP web server is running correctly[0m
2025-07-20 10:46:29 - [0;32mPHP web server is running correctly[0m
2025-07-20 10:47:29 - [0;32mPHP web server is running correctly[0m
2025-07-20 10:48:29 - [0;32mPHP web server is running correctly[0m
2025-07-20 10:49:29 - [0;32mPHP web server is running correctly[0m
2025-07-20 10:50:29 - [0;32mPHP web server is running correctly[0m
2025-07-20 10:51:29 - [0;32mPHP web server is running correctly[0m
2025-07-20 10:52:29 - [0;32mPHP web server is running correctly[0m
2025-07-20 10:53:29 - [0;32mPHP web server is running correctly[0m
2025-07-20 10:54:30 - [0;32mPHP web server is running correctly[0m
2025-07-20 10:55:30 - [0;32mPHP web server is running correctly[0m
2025-07-20 10:56:30 - [0;32mPHP web server is running correctly[0m
2025-07-20 10:57:30 - [0;32mPHP web server is running correctly[0m
2025-07-20 10:58:30 - [0;32mPHP web server is running correctly[0m
2025-07-20 10:59:30 - [0;32mPHP web server is running correctly[0m
2025-07-20 11:00:30 - [0;32mPHP web server is running correctly[0m
2025-07-20 11:01:30 - [0;32mPHP web server is running correctly[0m
2025-07-20 11:02:30 - [0;32mPHP web server is running correctly[0m
2025-07-20 11:03:30 - [0;32mPHP web server is running correctly[0m
2025-07-20 11:04:30 - [0;32mPHP web server is running correctly[0m
2025-07-20 11:05:30 - [0;32mPHP web server is running correctly[0m
2025-07-20 11:06:31 - [0;32mPHP web server is running correctly[0m
2025-07-20 11:07:31 - [0;32mPHP web server is running correctly[0m
2025-07-20 11:08:31 - [0;32mPHP web server is running correctly[0m
2025-07-20 11:09:31 - [0;32mPHP web server is running correctly[0m
2025-07-20 11:10:31 - [0;32mPHP web server is running correctly[0m
2025-07-20 11:11:31 - [0;32mPHP web server is running correctly[0m
2025-07-20 11:12:31 - [0;32mPHP web server is running correctly[0m
2025-07-20 11:13:31 - [0;32mPHP web server is running correctly[0m
2025-07-20 11:14:31 - [0;32mPHP web server is running correctly[0m
2025-07-20 11:15:31 - [0;32mPHP web server is running correctly[0m
2025-07-20 11:16:31 - [0;32mPHP web server is running correctly[0m
2025-07-20 11:17:31 - [0;32mPHP web server is running correctly[0m
2025-07-20 11:18:31 - [0;32mPHP web server is running correctly[0m
2025-07-20 11:19:32 - [0;32mPHP web server is running correctly[0m
2025-07-20 11:20:32 - [0;32mPHP web server is running correctly[0m
2025-07-20 11:21:32 - [0;32mPHP web server is running correctly[0m
2025-07-20 11:22:32 - [0;32mPHP web server is running correctly[0m
2025-07-20 11:23:32 - [0;32mPHP web server is running correctly[0m
2025-07-20 11:24:32 - [0;32mPHP web server is running correctly[0m
2025-07-20 11:25:32 - [0;32mPHP web server is running correctly[0m
2025-07-20 11:26:32 - [0;32mPHP web server is running correctly[0m
2025-07-20 11:27:32 - [0;32mPHP web server is running correctly[0m
2025-07-20 11:28:32 - [0;32mPHP web server is running correctly[0m
2025-07-20 11:29:32 - [0;32mPHP web server is running correctly[0m
2025-07-20 11:30:32 - [0;32mPHP web server is running correctly[0m
2025-07-20 11:31:33 - [0;32mPHP web server is running correctly[0m
2025-07-20 11:32:33 - [0;32mPHP web server is running correctly[0m
2025-07-20 11:33:33 - [0;32mPHP web server is running correctly[0m
2025-07-20 11:34:33 - [0;32mPHP web server is running correctly[0m
2025-07-20 11:35:33 - [0;32mPHP web server is running correctly[0m
2025-07-20 11:36:33 - [0;32mPHP web server is running correctly[0m
2025-07-20 11:37:33 - [0;32mPHP web server is running correctly[0m
2025-07-20 11:38:33 - [0;32mPHP web server is running correctly[0m
2025-07-20 11:39:33 - [0;32mPHP web server is running correctly[0m
2025-07-20 11:40:33 - [0;32mPHP web server is running correctly[0m
2025-07-20 11:41:33 - [0;32mPHP web server is running correctly[0m
2025-07-20 11:42:33 - [0;32mPHP web server is running correctly[0m
2025-07-20 11:43:33 - [0;32mPHP web server is running correctly[0m
2025-07-20 11:44:33 - [0;32mPHP web server is running correctly[0m
2025-07-20 11:45:34 - [0;32mPHP web server is running correctly[0m
2025-07-20 11:46:34 - [0;32mPHP web server is running correctly[0m
2025-07-20 11:47:34 - [0;32mPHP web server is running correctly[0m
2025-07-20 11:48:34 - [0;32mPHP web server is running correctly[0m
2025-07-20 11:49:34 - [0;32mPHP web server is running correctly[0m
2025-07-20 11:50:34 - [0;32mPHP web server is running correctly[0m
2025-07-20 11:51:34 - [0;32mPHP web server is running correctly[0m
2025-07-20 11:52:34 - [0;32mPHP web server is running correctly[0m
2025-07-20 11:53:34 - [0;32mPHP web server is running correctly[0m
2025-07-20 11:54:34 - [0;32mPHP web server is running correctly[0m
2025-07-20 11:55:34 - [0;32mPHP web server is running correctly[0m
2025-07-20 11:56:34 - [0;32mPHP web server is running correctly[0m
2025-07-20 11:57:34 - [0;32mPHP web server is running correctly[0m
2025-07-20 11:58:35 - [0;32mPHP web server is running correctly[0m
2025-07-20 11:59:35 - [0;32mPHP web server is running correctly[0m
2025-07-20 12:00:35 - [0;32mPHP web server is running correctly[0m
2025-07-20 12:01:35 - [0;32mPHP web server is running correctly[0m
2025-07-20 12:02:35 - [0;32mPHP web server is running correctly[0m
2025-07-20 12:03:35 - [0;32mPHP web server is running correctly[0m
2025-07-20 12:04:35 - [0;32mPHP web server is running correctly[0m
2025-07-20 12:05:35 - [0;32mPHP web server is running correctly[0m
2025-07-20 12:06:35 - [0;32mPHP web server is running correctly[0m
2025-07-20 12:07:35 - [0;32mPHP web server is running correctly[0m
2025-07-20 12:08:35 - [0;32mPHP web server is running correctly[0m
2025-07-20 12:09:35 - [0;32mPHP web server is running correctly[0m
2025-07-20 12:10:35 - [0;32mPHP web server is running correctly[0m
2025-07-20 12:11:36 - [0;32mPHP web server is running correctly[0m
2025-07-20 12:12:36 - [0;32mPHP web server is running correctly[0m
2025-07-20 12:13:36 - [0;32mPHP web server is running correctly[0m
2025-07-20 12:14:36 - [0;32mPHP web server is running correctly[0m
2025-07-20 12:15:36 - [0;32mPHP web server is running correctly[0m
2025-07-20 12:16:36 - [0;32mPHP web server is running correctly[0m
2025-07-20 12:17:36 - [0;32mPHP web server is running correctly[0m
2025-07-20 12:18:36 - [0;32mPHP web server is running correctly[0m
2025-07-20 12:19:36 - [0;32mPHP web server is running correctly[0m
2025-07-20 12:20:36 - [0;32mPHP web server is running correctly[0m
2025-07-20 12:21:36 - [0;32mPHP web server is running correctly[0m
2025-07-20 12:22:36 - [0;32mPHP web server is running correctly[0m
2025-07-20 12:23:36 - [0;32mPHP web server is running correctly[0m
2025-07-20 12:24:36 - [0;32mPHP web server is running correctly[0m
2025-07-20 12:25:37 - [0;32mPHP web server is running correctly[0m
2025-07-20 12:26:37 - [0;32mPHP web server is running correctly[0m
2025-07-20 12:27:37 - [0;32mPHP web server is running correctly[0m
2025-07-20 12:28:37 - [0;32mPHP web server is running correctly[0m
2025-07-20 12:29:37 - [0;32mPHP web server is running correctly[0m
2025-07-20 12:30:37 - [0;32mPHP web server is running correctly[0m
2025-07-20 12:31:37 - [0;32mPHP web server is running correctly[0m
2025-07-20 12:32:37 - [0;32mPHP web server is running correctly[0m
2025-07-20 12:33:37 - [0;32mPHP web server is running correctly[0m
2025-07-20 12:34:37 - [0;32mPHP web server is running correctly[0m
2025-07-20 12:35:37 - [0;32mPHP web server is running correctly[0m
2025-07-20 12:36:37 - [0;32mPHP web server is running correctly[0m
2025-07-20 12:37:37 - [0;32mPHP web server is running correctly[0m
2025-07-20 12:38:37 - [0;32mPHP web server is running correctly[0m
2025-07-20 12:39:37 - [0;32mPHP web server is running correctly[0m
2025-07-20 12:40:38 - [0;32mPHP web server is running correctly[0m
2025-07-20 12:41:38 - [0;32mPHP web server is running correctly[0m
2025-07-20 12:42:38 - [0;32mPHP web server is running correctly[0m
2025-07-20 12:43:38 - [0;32mPHP web server is running correctly[0m
2025-07-20 12:44:38 - [0;32mPHP web server is running correctly[0m
2025-07-20 12:45:38 - [0;32mPHP web server is running correctly[0m
2025-07-20 12:46:38 - [0;32mPHP web server is running correctly[0m
2025-07-20 12:47:38 - [0;32mPHP web server is running correctly[0m
2025-07-20 12:48:38 - [0;32mPHP web server is running correctly[0m
2025-07-20 12:49:38 - [0;32mPHP web server is running correctly[0m
2025-07-20 12:50:38 - [0;32mPHP web server is running correctly[0m
2025-07-20 12:51:38 - [0;32mPHP web server is running correctly[0m
2025-07-20 12:52:38 - [0;32mPHP web server is running correctly[0m
2025-07-20 12:53:38 - [0;32mPHP web server is running correctly[0m
2025-07-20 12:54:39 - [0;32mPHP web server is running correctly[0m
2025-07-20 12:55:39 - [0;32mPHP web server is running correctly[0m
2025-07-20 12:56:39 - [0;32mPHP web server is running correctly[0m
2025-07-20 12:57:39 - [0;32mPHP web server is running correctly[0m
2025-07-20 12:58:39 - [0;32mPHP web server is running correctly[0m
2025-07-20 12:59:39 - [0;32mPHP web server is running correctly[0m
2025-07-20 13:00:39 - [0;32mPHP web server is running correctly[0m
2025-07-20 13:01:39 - [0;32mPHP web server is running correctly[0m
2025-07-20 13:02:39 - [0;32mPHP web server is running correctly[0m
2025-07-20 13:03:39 - [0;32mPHP web server is running correctly[0m
2025-07-20 13:04:39 - [0;32mPHP web server is running correctly[0m
2025-07-20 13:05:39 - [0;32mPHP web server is running correctly[0m
2025-07-20 13:06:39 - [0;32mPHP web server is running correctly[0m
2025-07-20 13:07:39 - [0;32mPHP web server is running correctly[0m
2025-07-20 13:08:39 - [0;32mPHP web server is running correctly[0m
2025-07-20 13:09:40 - [0;32mPHP web server is running correctly[0m
2025-07-20 13:10:40 - [0;32mPHP web server is running correctly[0m
2025-07-20 13:11:40 - [0;32mPHP web server is running correctly[0m
2025-07-20 13:12:40 - [0;32mPHP web server is running correctly[0m
2025-07-20 13:13:40 - [0;32mPHP web server is running correctly[0m
2025-07-20 13:14:40 - [0;32mPHP web server is running correctly[0m
2025-07-20 13:15:40 - [0;32mPHP web server is running correctly[0m
2025-07-20 13:16:40 - [0;32mPHP web server is running correctly[0m
2025-07-20 13:17:40 - [0;32mPHP web server is running correctly[0m
2025-07-20 13:18:40 - [0;32mPHP web server is running correctly[0m
2025-07-20 13:19:40 - [0;32mPHP web server is running correctly[0m
2025-07-20 13:20:40 - [0;32mPHP web server is running correctly[0m
2025-07-20 13:21:40 - [0;32mPHP web server is running correctly[0m
2025-07-20 13:22:41 - [0;32mPHP web server is running correctly[0m
2025-07-20 13:23:41 - [0;32mPHP web server is running correctly[0m
2025-07-20 13:24:41 - [0;32mPHP web server is running correctly[0m
2025-07-20 13:25:41 - [0;32mPHP web server is running correctly[0m
2025-07-20 13:26:41 - [0;32mPHP web server is running correctly[0m
2025-07-20 13:27:41 - [0;32mPHP web server is running correctly[0m
2025-07-20 13:28:41 - [0;32mPHP web server is running correctly[0m
2025-07-20 13:29:41 - [0;32mPHP web server is running correctly[0m
2025-07-20 13:30:41 - [0;32mPHP web server is running correctly[0m
2025-07-20 13:31:41 - [0;32mPHP web server is running correctly[0m
2025-07-20 13:32:41 - [0;32mPHP web server is running correctly[0m
2025-07-20 13:33:41 - [0;32mPHP web server is running correctly[0m
2025-07-20 13:34:42 - [0;32mPHP web server is running correctly[0m
2025-07-20 13:35:42 - [0;32mPHP web server is running correctly[0m
2025-07-20 13:36:42 - [0;32mPHP web server is running correctly[0m
2025-07-20 13:37:42 - [0;32mPHP web server is running correctly[0m
2025-07-20 13:38:42 - [0;32mPHP web server is running correctly[0m
2025-07-20 13:39:42 - [0;32mPHP web server is running correctly[0m
2025-07-20 13:40:42 - [0;32mPHP web server is running correctly[0m
2025-07-20 13:41:42 - [0;32mPHP web server is running correctly[0m
2025-07-20 13:42:42 - [0;32mPHP web server is running correctly[0m
2025-07-20 13:43:42 - [0;32mPHP web server is running correctly[0m
2025-07-20 13:44:42 - [0;32mPHP web server is running correctly[0m
2025-07-20 13:45:42 - [0;32mPHP web server is running correctly[0m
2025-07-20 13:46:43 - [0;32mPHP web server is running correctly[0m
2025-07-20 13:47:43 - [0;32mPHP web server is running correctly[0m
2025-07-20 13:48:43 - [0;32mPHP web server is running correctly[0m
2025-07-20 13:49:43 - [0;32mPHP web server is running correctly[0m
2025-07-20 13:50:43 - [0;32mPHP web server is running correctly[0m
2025-07-20 13:51:43 - [0;32mPHP web server is running correctly[0m
2025-07-20 13:52:43 - [0;32mPHP web server is running correctly[0m
2025-07-20 13:53:43 - [0;32mPHP web server is running correctly[0m
2025-07-20 13:54:43 - [0;32mPHP web server is running correctly[0m
2025-07-20 13:55:43 - [0;32mPHP web server is running correctly[0m
2025-07-20 13:56:43 - [0;32mPHP web server is running correctly[0m
2025-07-20 13:57:43 - [0;32mPHP web server is running correctly[0m
2025-07-20 13:58:44 - [0;32mPHP web server is running correctly[0m
2025-07-20 13:59:44 - [0;32mPHP web server is running correctly[0m
2025-07-20 14:00:44 - [0;32mPHP web server is running correctly[0m
2025-07-20 14:01:44 - [0;32mPHP web server is running correctly[0m
2025-07-20 14:02:44 - [0;32mPHP web server is running correctly[0m
2025-07-20 14:03:44 - [0;32mPHP web server is running correctly[0m
2025-07-20 14:04:44 - [0;32mPHP web server is running correctly[0m
2025-07-20 14:05:44 - [0;32mPHP web server is running correctly[0m
2025-07-20 14:06:44 - [0;32mPHP web server is running correctly[0m
2025-07-20 14:07:44 - [0;32mPHP web server is running correctly[0m
2025-07-20 14:08:44 - [0;32mPHP web server is running correctly[0m
2025-07-20 14:09:45 - [0;32mPHP web server is running correctly[0m
2025-07-20 14:10:45 - [0;32mPHP web server is running correctly[0m
2025-07-20 14:11:45 - [0;32mPHP web server is running correctly[0m
2025-07-20 14:12:45 - [0;32mPHP web server is running correctly[0m
2025-07-20 14:13:45 - [0;32mPHP web server is running correctly[0m
2025-07-20 14:14:45 - [0;32mPHP web server is running correctly[0m
2025-07-20 14:15:45 - [0;32mPHP web server is running correctly[0m
2025-07-20 14:16:45 - [0;32mPHP web server is running correctly[0m
2025-07-20 14:17:45 - [0;32mPHP web server is running correctly[0m
2025-07-20 14:18:45 - [0;32mPHP web server is running correctly[0m
2025-07-20 14:19:45 - [0;32mPHP web server is running correctly[0m
2025-07-20 14:20:45 - [0;32mPHP web server is running correctly[0m
2025-07-20 14:21:45 - [0;32mPHP web server is running correctly[0m
2025-07-20 14:22:46 - [0;32mPHP web server is running correctly[0m
2025-07-20 14:23:46 - [0;32mPHP web server is running correctly[0m
2025-07-20 14:24:46 - [0;32mPHP web server is running correctly[0m
2025-07-20 14:25:46 - [0;32mPHP web server is running correctly[0m
2025-07-20 14:26:46 - [0;32mPHP web server is running correctly[0m
2025-07-20 14:27:46 - [0;32mPHP web server is running correctly[0m
2025-07-20 14:28:46 - [0;32mPHP web server is running correctly[0m
2025-07-20 14:29:46 - [0;32mPHP web server is running correctly[0m
2025-07-20 14:30:46 - [0;32mPHP web server is running correctly[0m
2025-07-20 14:31:46 - [0;32mPHP web server is running correctly[0m
2025-07-20 14:32:46 - [0;32mPHP web server is running correctly[0m
2025-07-20 14:33:47 - [0;32mPHP web server is running correctly[0m
2025-07-20 14:34:47 - [0;32mPHP web server is running correctly[0m
2025-07-20 14:35:47 - [0;32mPHP web server is running correctly[0m
2025-07-20 14:36:47 - [0;32mPHP web server is running correctly[0m
2025-07-20 14:37:47 - [0;32mPHP web server is running correctly[0m
2025-07-20 14:38:47 - [0;32mPHP web server is running correctly[0m
2025-07-20 14:39:47 - [0;32mPHP web server is running correctly[0m
2025-07-20 14:40:47 - [0;32mPHP web server is running correctly[0m
2025-07-20 14:41:47 - [0;32mPHP web server is running correctly[0m
2025-07-20 14:42:47 - [0;32mPHP web server is running correctly[0m
2025-07-20 14:43:47 - [0;32mPHP web server is running correctly[0m
2025-07-20 14:44:47 - [0;32mPHP web server is running correctly[0m
2025-07-20 14:45:48 - [0;32mPHP web server is running correctly[0m
2025-07-20 14:46:48 - [0;32mPHP web server is running correctly[0m
2025-07-20 14:47:48 - [0;32mPHP web server is running correctly[0m
2025-07-20 14:48:48 - [0;32mPHP web server is running correctly[0m
2025-07-20 14:49:48 - [0;32mPHP web server is running correctly[0m
2025-07-20 14:50:48 - [0;32mPHP web server is running correctly[0m
2025-07-20 14:51:48 - [0;32mPHP web server is running correctly[0m
2025-07-20 14:52:48 - [0;32mPHP web server is running correctly[0m
2025-07-20 14:53:48 - [0;32mPHP web server is running correctly[0m
2025-07-20 14:54:48 - [0;32mPHP web server is running correctly[0m
2025-07-20 14:55:48 - [0;32mPHP web server is running correctly[0m
2025-07-20 14:56:49 - [0;32mPHP web server is running correctly[0m
2025-07-20 14:57:49 - [0;32mPHP web server is running correctly[0m
2025-07-20 14:58:49 - [0;32mPHP web server is running correctly[0m
2025-07-20 14:59:49 - [0;32mPHP web server is running correctly[0m
2025-07-20 15:00:49 - [0;32mPHP web server is running correctly[0m
2025-07-20 15:01:49 - [0;32mPHP web server is running correctly[0m
2025-07-20 15:02:49 - [0;32mPHP web server is running correctly[0m
2025-07-20 15:03:49 - [0;32mPHP web server is running correctly[0m
2025-07-20 15:04:49 - [0;32mPHP web server is running correctly[0m
2025-07-20 15:05:49 - [0;32mPHP web server is running correctly[0m
2025-07-20 15:06:49 - [0;32mPHP web server is running correctly[0m
2025-07-20 15:07:49 - [0;32mPHP web server is running correctly[0m
2025-07-20 15:08:49 - [0;32mPHP web server is running correctly[0m
2025-07-20 15:09:49 - [0;32mPHP web server is running correctly[0m
2025-07-20 15:10:50 - [0;32mPHP web server is running correctly[0m
2025-07-20 15:11:50 - [0;32mPHP web server is running correctly[0m
2025-07-20 15:12:50 - [0;32mPHP web server is running correctly[0m
2025-07-20 15:13:50 - [0;32mPHP web server is running correctly[0m
2025-07-20 15:14:50 - [0;32mPHP web server is running correctly[0m
2025-07-20 15:15:50 - [0;32mPHP web server is running correctly[0m
2025-07-20 15:16:50 - [0;32mPHP web server is running correctly[0m
2025-07-20 15:17:50 - [0;32mPHP web server is running correctly[0m
2025-07-20 15:18:50 - [0;32mPHP web server is running correctly[0m
2025-07-20 15:19:50 - [0;32mPHP web server is running correctly[0m
2025-07-20 15:20:50 - [0;32mPHP web server is running correctly[0m
2025-07-20 15:21:50 - [0;32mPHP web server is running correctly[0m
2025-07-20 15:22:50 - [0;32mPHP web server is running correctly[0m
2025-07-20 15:23:50 - [0;32mPHP web server is running correctly[0m
2025-07-20 15:24:51 - [0;32mPHP web server is running correctly[0m
2025-07-20 15:25:51 - [0;32mPHP web server is running correctly[0m
2025-07-20 15:26:51 - [0;32mPHP web server is running correctly[0m
2025-07-20 15:27:51 - [0;32mPHP web server is running correctly[0m
2025-07-20 15:28:51 - [0;32mPHP web server is running correctly[0m
2025-07-20 15:29:51 - [0;32mPHP web server is running correctly[0m
2025-07-20 15:30:51 - [0;32mPHP web server is running correctly[0m
2025-07-20 15:31:51 - [0;32mPHP web server is running correctly[0m
2025-07-20 15:32:51 - [0;32mPHP web server is running correctly[0m
2025-07-20 15:33:51 - [0;32mPHP web server is running correctly[0m
2025-07-20 15:34:51 - [0;32mPHP web server is running correctly[0m
2025-07-20 15:35:51 - [0;32mPHP web server is running correctly[0m
2025-07-20 15:36:51 - [0;32mPHP web server is running correctly[0m
2025-07-20 15:37:52 - [0;32mPHP web server is running correctly[0m
2025-07-20 15:38:52 - [0;32mPHP web server is running correctly[0m
2025-07-20 15:39:52 - [0;32mPHP web server is running correctly[0m
2025-07-20 15:40:52 - [0;32mPHP web server is running correctly[0m
2025-07-20 15:41:52 - [0;32mPHP web server is running correctly[0m
2025-07-20 15:42:52 - [0;32mPHP web server is running correctly[0m
2025-07-20 15:43:52 - [0;32mPHP web server is running correctly[0m
2025-07-20 15:44:52 - [0;32mPHP web server is running correctly[0m
2025-07-20 15:45:52 - [0;32mPHP web server is running correctly[0m
2025-07-20 15:46:52 - [0;32mPHP web server is running correctly[0m
2025-07-20 15:47:52 - [0;32mPHP web server is running correctly[0m
2025-07-20 15:48:52 - [0;32mPHP web server is running correctly[0m
2025-07-20 15:49:52 - [0;32mPHP web server is running correctly[0m
2025-07-20 15:50:52 - [0;32mPHP web server is running correctly[0m
