[Wed Aug 13 19:32:58 2025] PHP 8.4.10 Development Server (http://localhost:8080) started
[Wed Aug 13 19:33:25 2025] [::1]:49995 Accepted
[Wed Aug 13 19:33:25 2025] [::1]:49995 [200]: GET /
[Wed Aug 13 19:33:25 2025] [::1]:49995 Closing
[Wed Aug 13 19:34:19 2025] [::1]:50084 Accepted
[Wed Aug 13 19:34:19 2025] [::1]:50084 [200]: GET /
[Wed Aug 13 19:34:19 2025] [::1]:50084 Closing
[Wed Aug 13 19:34:19 2025] [::1]:50085 Accepted
[Wed Aug 13 19:34:19 2025] [::1]:50085 [200]: GET /images/signs/sign_welcome.webp
[Wed Aug 13 19:34:19 2025] [::1]:50085 Closing
[Wed Aug 13 19:34:19 2025] [::1]:50091 Accepted
[Wed Aug 13 19:34:19 2025] [::1]:50091 [200]: GET /favicon.ico
[Wed Aug 13 19:34:19 2025] [::1]:50091 Closing
[Wed Aug 13 19:34:31 2025] [::1]:50106 Accepted
[Wed Aug 13 19:34:31 2025] [::1]:50106 [200]: GET /
[Wed Aug 13 19:34:31 2025] [::1]:50106 Closing
[Wed Aug 13 19:35:36 2025] [::1]:50197 Accepted
[Wed Aug 13 19:35:36 2025] [::1]:50197 [200]: GET /
[Wed Aug 13 19:35:36 2025] [::1]:50197 Closing
[Wed Aug 13 19:36:41 2025] [::1]:50286 Accepted
[Wed Aug 13 19:36:41 2025] [::1]:50286 [200]: GET /
[Wed Aug 13 19:36:41 2025] [::1]:50286 Closing
[Wed Aug 13 19:37:46 2025] [::1]:50376 Accepted
[Wed Aug 13 19:37:46 2025] [::1]:50376 [200]: GET /
[Wed Aug 13 19:37:46 2025] [::1]:50376 Closing
[Wed Aug 13 19:38:52 2025] [::1]:50449 Accepted
[Wed Aug 13 19:38:52 2025] [::1]:50449 [200]: GET /
[Wed Aug 13 19:38:52 2025] [::1]:50449 Closing
[Wed Aug 13 19:39:57 2025] [::1]:50535 Accepted
[Wed Aug 13 19:39:57 2025] [::1]:50535 [200]: GET /
[Wed Aug 13 19:39:57 2025] [::1]:50535 Closing
[Wed Aug 13 19:41:02 2025] [::1]:50622 Accepted
[Wed Aug 13 19:41:02 2025] [::1]:50622 [200]: GET /
[Wed Aug 13 19:41:02 2025] [::1]:50622 Closing
[Wed Aug 13 19:42:07 2025] [::1]:50706 Accepted
[Wed Aug 13 19:42:07 2025] [::1]:50706 [200]: GET /
[Wed Aug 13 19:42:07 2025] [::1]:50706 Closing
[Wed Aug 13 19:42:23 2025] [::1]:50728 Accepted
[Wed Aug 13 19:42:23 2025] [::1]:50728 [200]: GET /
[Wed Aug 13 19:42:23 2025] [::1]:50728 Closing
[Wed Aug 13 19:42:23 2025] [::1]:50733 Accepted
[Wed Aug 13 19:42:23 2025] [::1]:50733 [200]: GET /images/signs/sign_welcome.webp
[Wed Aug 13 19:42:23 2025] [::1]:50733 Closing
[Wed Aug 13 19:42:23 2025] [::1]:50735 Accepted
[Wed Aug 13 19:42:23 2025] [::1]:50735 [200]: GET /favicon.ico
[Wed Aug 13 19:42:23 2025] [::1]:50735 Closing
[Wed Aug 13 19:42:29 2025] [::1]:50743 Accepted
[Wed Aug 13 19:42:29 2025] [::1]:50743 [200]: GET /room_main
[Wed Aug 13 19:42:29 2025] [::1]:50743 Closing
[Wed Aug 13 19:42:29 2025] [::1]:50750 Accepted
[Wed Aug 13 19:42:29 2025] [::1]:50752 Accepted
[Wed Aug 13 19:42:29 2025] [::1]:50750 [200]: GET /images/signs/sign_door_room1.webp
[Wed Aug 13 19:42:29 2025] [::1]:50753 Accepted
[Wed Aug 13 19:42:29 2025] [::1]:50752 [200]: GET /images/signs/sign_door_room2.webp
[Wed Aug 13 19:42:29 2025] [::1]:50754 Accepted
[Wed Aug 13 19:42:29 2025] [::1]:50753 [200]: GET /images/signs/sign_door_room3.webp
[Wed Aug 13 19:42:29 2025] [::1]:50755 Accepted
[Wed Aug 13 19:42:29 2025] [::1]:50754 [200]: GET /images/signs/sign_door_room4.webp
[Wed Aug 13 19:42:29 2025] [::1]:50750 Closing
[Wed Aug 13 19:42:29 2025] [::1]:50755 [200]: GET /images/signs/sign_door_room5.webp
[Wed Aug 13 19:42:29 2025] [::1]:50752 Closing
[Wed Aug 13 19:42:29 2025] [::1]:50753 Closing
[Wed Aug 13 19:42:29 2025] [::1]:50754 Closing
[Wed Aug 13 19:42:29 2025] [::1]:50755 Closing
[Wed Aug 13 19:42:29 2025] [::1]:50756 Accepted
[Wed Aug 13 19:42:29 2025] [::1]:50756 [200]: GET /favicon.ico
[Wed Aug 13 19:42:29 2025] [::1]:50756 Closing
[Wed Aug 13 19:43:12 2025] [::1]:50801 Accepted
[Wed Aug 13 19:43:12 2025] [::1]:50801 [200]: GET /
[Wed Aug 13 19:43:12 2025] [::1]:50801 Closing
[Wed Aug 13 19:44:18 2025] [::1]:50887 Accepted
[Wed Aug 13 19:44:18 2025] [::1]:50887 [200]: GET /
[Wed Aug 13 19:44:18 2025] [::1]:50887 Closing
[Wed Aug 13 19:45:23 2025] [::1]:50974 Accepted
[Wed Aug 13 19:45:23 2025] [::1]:50974 [200]: GET /
[Wed Aug 13 19:45:23 2025] [::1]:50974 Closing
[Wed Aug 13 19:46:28 2025] [::1]:51054 Accepted
[Wed Aug 13 19:46:28 2025] [::1]:51054 [200]: GET /
[Wed Aug 13 19:46:28 2025] [::1]:51054 Closing
[Wed Aug 13 19:47:33 2025] [::1]:51144 Accepted
[Wed Aug 13 19:47:33 2025] [::1]:51144 [200]: GET /
[Wed Aug 13 19:47:33 2025] [::1]:51144 Closing
[Wed Aug 13 19:48:38 2025] [::1]:51254 Accepted
[Wed Aug 13 19:48:38 2025] [::1]:51254 [200]: GET /
[Wed Aug 13 19:48:38 2025] [::1]:51254 Closing
[Wed Aug 13 19:49:44 2025] [::1]:51359 Accepted
[Wed Aug 13 19:49:44 2025] [::1]:51359 [200]: GET /
[Wed Aug 13 19:49:44 2025] [::1]:51359 Closing
[Wed Aug 13 19:50:49 2025] [::1]:51459 Accepted
[Wed Aug 13 19:50:49 2025] [::1]:51459 [200]: GET /
[Wed Aug 13 19:50:49 2025] [::1]:51459 Closing
[Wed Aug 13 19:51:54 2025] [::1]:51540 Accepted
[Wed Aug 13 19:51:54 2025] [::1]:51540 [200]: GET /
[Wed Aug 13 19:51:54 2025] [::1]:51540 Closing
[Wed Aug 13 19:52:59 2025] [::1]:51612 Accepted
[Wed Aug 13 19:52:59 2025] [::1]:51612 [200]: GET /
[Wed Aug 13 19:52:59 2025] [::1]:51612 Closing
[Wed Aug 13 19:54:05 2025] [::1]:51702 Accepted
[Wed Aug 13 19:54:05 2025] [::1]:51702 [200]: GET /
[Wed Aug 13 19:54:05 2025] [::1]:51702 Closing
[Wed Aug 13 19:55:10 2025] [::1]:51806 Accepted
[Wed Aug 13 19:55:10 2025] [::1]:51806 [200]: GET /
[Wed Aug 13 19:55:10 2025] [::1]:51806 Closing
[Wed Aug 13 19:56:15 2025] [::1]:51897 Accepted
[Wed Aug 13 19:56:15 2025] [::1]:51897 [200]: GET /
[Wed Aug 13 19:56:15 2025] [::1]:51897 Closing
[Wed Aug 13 19:57:20 2025] [::1]:51982 Accepted
[Wed Aug 13 19:57:20 2025] [::1]:51982 [200]: GET /
[Wed Aug 13 19:57:20 2025] [::1]:51982 Closing
[Wed Aug 13 19:58:26 2025] [::1]:52064 Accepted
[Wed Aug 13 19:58:26 2025] [::1]:52064 [200]: GET /
[Wed Aug 13 19:58:26 2025] [::1]:52064 Closing
[Wed Aug 13 19:59:31 2025] [::1]:52147 Accepted
[Wed Aug 13 19:59:31 2025] [::1]:52147 [200]: GET /
[Wed Aug 13 19:59:31 2025] [::1]:52147 Closing
[Wed Aug 13 20:00:36 2025] [::1]:52224 Accepted
[Wed Aug 13 20:00:36 2025] [::1]:52224 [200]: GET /
[Wed Aug 13 20:00:36 2025] [::1]:52224 Closing
[Wed Aug 13 20:01:41 2025] [::1]:52316 Accepted
[Wed Aug 13 20:01:41 2025] [::1]:52316 [200]: GET /
[Wed Aug 13 20:01:41 2025] [::1]:52316 Closing
[Wed Aug 13 20:02:46 2025] [::1]:52400 Accepted
[Wed Aug 13 20:02:46 2025] [::1]:52400 [200]: GET /
[Wed Aug 13 20:02:46 2025] [::1]:52400 Closing
[Wed Aug 13 20:03:52 2025] [::1]:52484 Accepted
[Wed Aug 13 20:03:52 2025] [::1]:52484 [200]: GET /
[Wed Aug 13 20:03:52 2025] [::1]:52484 Closing
[Wed Aug 13 20:04:57 2025] [::1]:52575 Accepted
[Wed Aug 13 20:04:57 2025] [::1]:52575 [200]: GET /
[Wed Aug 13 20:04:57 2025] [::1]:52575 Closing
[Wed Aug 13 20:06:02 2025] [::1]:52667 Accepted
[Wed Aug 13 20:06:02 2025] [::1]:52667 [200]: GET /
[Wed Aug 13 20:06:02 2025] [::1]:52667 Closing
[Wed Aug 13 20:07:07 2025] [::1]:52745 Accepted
[Wed Aug 13 20:07:07 2025] [::1]:52745 [200]: GET /
[Wed Aug 13 20:07:07 2025] [::1]:52745 Closing
[Wed Aug 13 20:08:13 2025] [::1]:52836 Accepted
[Wed Aug 13 20:08:13 2025] [::1]:52836 [200]: GET /
[Wed Aug 13 20:08:13 2025] [::1]:52836 Closing
[Wed Aug 13 20:09:18 2025] [::1]:52916 Accepted
[Wed Aug 13 20:09:18 2025] [::1]:52916 [200]: GET /
[Wed Aug 13 20:09:18 2025] [::1]:52916 Closing
[Wed Aug 13 20:10:23 2025] [::1]:53006 Accepted
[Wed Aug 13 20:10:23 2025] [::1]:53006 [200]: GET /
[Wed Aug 13 20:10:23 2025] [::1]:53006 Closing
[Wed Aug 13 20:11:28 2025] [::1]:53096 Accepted
[Wed Aug 13 20:11:28 2025] [::1]:53096 [200]: GET /
[Wed Aug 13 20:11:28 2025] [::1]:53096 Closing
[Wed Aug 13 20:12:33 2025] [::1]:53180 Accepted
[Wed Aug 13 20:12:34 2025] [::1]:53180 [200]: GET /
[Wed Aug 13 20:12:34 2025] [::1]:53180 Closing
[Wed Aug 13 20:13:39 2025] [::1]:53264 Accepted
[Wed Aug 13 20:13:39 2025] [::1]:53264 [200]: GET /
[Wed Aug 13 20:13:39 2025] [::1]:53264 Closing
[Wed Aug 13 20:14:44 2025] [::1]:53365 Accepted
[Wed Aug 13 20:14:44 2025] [::1]:53365 [200]: GET /
[Wed Aug 13 20:14:44 2025] [::1]:53365 Closing
[Wed Aug 13 20:15:49 2025] [::1]:53483 Accepted
[Wed Aug 13 20:15:49 2025] [::1]:53483 [200]: GET /
[Wed Aug 13 20:15:49 2025] [::1]:53483 Closing
[Wed Aug 13 20:16:54 2025] [::1]:53576 Accepted
[Wed Aug 13 20:16:54 2025] [::1]:53576 [200]: GET /
[Wed Aug 13 20:16:54 2025] [::1]:53576 Closing
[Wed Aug 13 20:18:00 2025] [::1]:53672 Accepted
[Wed Aug 13 20:18:00 2025] [::1]:53672 [200]: GET /
[Wed Aug 13 20:18:00 2025] [::1]:53672 Closing
[Wed Aug 13 20:19:05 2025] [::1]:53767 Accepted
[Wed Aug 13 20:19:05 2025] [::1]:53767 [200]: GET /
[Wed Aug 13 20:19:05 2025] [::1]:53767 Closing
[Wed Aug 13 20:20:10 2025] [::1]:53855 Accepted
[Wed Aug 13 20:20:10 2025] [::1]:53855 [200]: GET /
[Wed Aug 13 20:20:10 2025] [::1]:53855 Closing
[Wed Aug 13 20:21:15 2025] [::1]:53926 Accepted
[Wed Aug 13 20:21:15 2025] [::1]:53926 [200]: GET /
[Wed Aug 13 20:21:15 2025] [::1]:53926 Closing
[Wed Aug 13 20:22:20 2025] [::1]:54017 Accepted
[Wed Aug 13 20:22:20 2025] [::1]:54017 [200]: GET /
[Wed Aug 13 20:22:20 2025] [::1]:54017 Closing
[Wed Aug 13 20:23:26 2025] [::1]:54092 Accepted
[Wed Aug 13 20:23:26 2025] [::1]:54092 [200]: GET /
[Wed Aug 13 20:23:26 2025] [::1]:54092 Closing
