[2025-08-03 05:15:22] === CSS & JavaScript Recovery Started ===
[2025-08-03 05:15:22] Step 1: Analyzing current main.css structure...
[2025-08-03 05:15:22] Current main.css size: 759,049 bytes
[2025-08-03 05:15:22] Step 2: Extracting CSS from backup files...
[2025-08-03 05:15:22] ✅ Recovered: admin-styles.css (63,323 bytes)
[2025-08-03 05:15:22] ✅ Recovered: global-modals.css (68,094 bytes)
[2025-08-03 05:15:22] ✅ Recovered: room-iframe.css (7,205 bytes)
[2025-08-03 05:15:22] ✅ Recovered: room-main.css (4,866 bytes)
[2025-08-03 05:15:22] ✅ Recovered: room-modal.css (17,029 bytes)
[2025-08-03 05:15:22] ✅ Recovered: room-popups.css (35,270 bytes)
[2025-08-03 05:15:22] ✅ Recovered: room-styles.css (11,219 bytes)
[2025-08-03 05:15:22] ✅ Recovered: components.css (367,945 bytes)
[2025-08-03 05:15:22] ✅ Recovered: utilities.css (26,458 bytes)
[2025-08-03 05:15:22] ✅ Recovered: pages.css (2,863 bytes)
[2025-08-03 05:15:22] ✅ Recovered: modals.css (3,483 bytes)
[2025-08-03 05:15:22] ✅ Recovered: room-iframe.css (6,244 bytes)
[2025-08-03 05:15:22] ✅ Recovered: room-modal.css (1,936 bytes)
[2025-08-03 05:15:22] ✅ Recovered: room.css (1,659 bytes)
[2025-08-03 05:15:22] ✅ Recovered: backgrounds.css (2,450 bytes)
[2025-08-03 05:15:22] ✅ Recovered: admin.css (1,638 bytes)
[2025-08-03 05:15:22] ✅ Recovered: standard-classes.css (3,033 bytes)
[2025-08-03 05:15:22] Total recovered CSS: 624,715 bytes from 15 files
[2025-08-03 05:15:22] Step 3: Identifying missing CSS patterns...
[2025-08-03 05:15:22] Found 0 potentially missing CSS patterns
[2025-08-03 05:15:22] Step 4: Creating comprehensive recovery CSS...
[2025-08-03 05:15:22] Step 5: Creating backup and integrating recovery content...
[2025-08-03 05:15:22] ✅ Created backup: main.css.pre-recovery-2025-08-03_05-15-22.backup
[2025-08-03 05:15:22] ✅ Appended recovery content to main.css
[2025-08-03 05:15:22] Size change: +601,333 bytes (new total: 1,360,382 bytes)
[2025-08-03 05:15:22] Step 6: Starting JavaScript recovery...
[2025-08-03 05:15:22] ✅ Updated JS: cart-system.js (larger version recovered)
[2025-08-03 05:15:22] ✅ Updated JS: global-popup.js (larger version recovered)
[2025-08-03 05:15:22] ✅ Updated JS: main.js (larger version recovered)
[2025-08-03 05:15:22] Step 7: Generating recovery report...
[2025-08-03 05:15:22] ✅ Recovery report saved: recovery-report-2025-08-03_05-15-22.json
[2025-08-03 05:15:22] === RECOVERY COMPLETED SUCCESSFULLY ===
[2025-08-03 05:15:22] 📈 CSS Recovery Summary:
[2025-08-03 05:15:22]   - Original main.css: 759,049 bytes
[2025-08-03 05:15:22]   - Recovered content: 624,715 bytes
[2025-08-03 05:15:22]   - Final main.css: 1,360,382 bytes
[2025-08-03 05:15:22]   - Size increase: +601,333 bytes
[2025-08-03 05:15:22]   - Files processed: 15
[2025-08-03 05:15:22] 📈 JavaScript Recovery Summary:
[2025-08-03 05:15:22]   - Files recovered: 3
[2025-08-03 05:15:22]   - Files: cart-system.js, global-popup.js, main.js
[2025-08-03 05:15:22] 💾 Backup & Reports:
[2025-08-03 05:15:22]   - CSS backup: main.css.pre-recovery-2025-08-03_05-15-22.backup
[2025-08-03 05:15:22]   - Recovery log: recovery-2025-08-03_05-15-22.log
[2025-08-03 05:15:22]   - Recovery report: recovery-report-2025-08-03_05-15-22.json
